{"C:\\Desarrollo web\\Master NextJs\\Cashtrack\\backend\\src\\config\\nodemailer.ts": {"path":"C:\\Desarrollo web\\Master NextJs\\Cashtrack\\backend\\src\\config\\nodemailer.ts","statementMap":{"0":{"start":{"line":1,"column":0},"end":{"line":1,"column":35}},"1":{"start":{"line":2,"column":0},"end":{"line":2,"column":27}},"2":{"start":{"line":3,"column":0},"end":{"line":3,"column":null}},"3":{"start":{"line":6,"column":14},"end":{"line":15,"column":1}},"4":{"start":{"line":7,"column":4},"end":{"line":14,"column":null}},"5":{"start":{"line":17,"column":13},"end":{"line":17,"column":62}}},"fnMap":{"0":{"name":"(anonymous_1)","decl":{"start":{"line":6,"column":14},"end":{"line":6,"column":17}},"loc":{"start":{"line":6,"column":19},"end":{"line":15,"column":1}}}},"branchMap":{},"s":{"0":1,"1":1,"2":1,"3":1,"4":1,"5":1},"f":{"0":1},"b":{}}
,"C:\\Desarrollo web\\Master NextJs\\Cashtrack\\backend\\src\\controllers\\AuthController.ts": {"path":"C:\\Desarrollo web\\Master NextJs\\Cashtrack\\backend\\src\\controllers\\AuthController.ts","statementMap":{"0":{"start":{"line":2,"column":0},"end":{"line":2,"column":35}},"1":{"start":{"line":3,"column":0},"end":{"line":3,"column":59}},"2":{"start":{"line":4,"column":0},"end":{"line":4,"column":46}},"3":{"start":{"line":5,"column":0},"end":{"line":5,"column":47}},"4":{"start":{"line":6,"column":0},"end":{"line":6,"column":42}},"5":{"start":{"line":9,"column":25},"end":{"line":39,"column":3}},"6":{"start":{"line":10,"column":32},"end":{"line":10,"column":40}},"7":{"start":{"line":14,"column":23},"end":{"line":14,"column":63}},"8":{"start":{"line":16,"column":4},"end":{"line":20,"column":5}},"9":{"start":{"line":17,"column":20},"end":{"line":17,"column":76}},"10":{"start":{"line":18,"column":6},"end":{"line":18,"column":53}},"11":{"start":{"line":19,"column":6},"end":{"line":19,"column":13}},"12":{"start":{"line":21,"column":4},"end":{"line":38,"column":5}},"13":{"start":{"line":22,"column":19},"end":{"line":22,"column":46}},"14":{"start":{"line":24,"column":6},"end":{"line":24,"column":51}},"15":{"start":{"line":25,"column":6},"end":{"line":25,"column":35}},"16":{"start":{"line":26,"column":6},"end":{"line":26,"column":24}},"17":{"start":{"line":28,"column":6},"end":{"line":32,"column":9}},"18":{"start":{"line":34,"column":6},"end":{"line":34,"column":58}},"19":{"start":{"line":37,"column":6},"end":{"line":37,"column":55}},"20":{"start":{"line":41,"column":26},"end":{"line":56,"column":3}},"21":{"start":{"line":42,"column":22},"end":{"line":42,"column":30}},"22":{"start":{"line":44,"column":17},"end":{"line":44,"column":57}},"23":{"start":{"line":46,"column":4},"end":{"line":50,"column":5}},"24":{"start":{"line":47,"column":20},"end":{"line":47,"column":48}},"25":{"start":{"line":48,"column":6},"end":{"line":48,"column":53}},"26":{"start":{"line":49,"column":6},"end":{"line":49,"column":13}},"27":{"start":{"line":51,"column":4},"end":{"line":51,"column":26}},"28":{"start":{"line":52,"column":4},"end":{"line":52,"column":22}},"29":{"start":{"line":54,"column":4},"end":{"line":54,"column":22}},"30":{"start":{"line":55,"column":4},"end":{"line":55,"column":48}},"31":{"start":{"line":58,"column":17},"end":{"line":86,"column":3}},"32":{"start":{"line":59,"column":32},"end":{"line":59,"column":40}},"33":{"start":{"line":62,"column":17},"end":{"line":62,"column":57}},"34":{"start":{"line":64,"column":4},"end":{"line":68,"column":5}},"35":{"start":{"line":65,"column":20},"end":{"line":65,"column":54}},"36":{"start":{"line":66,"column":6},"end":{"line":66,"column":53}},"37":{"start":{"line":67,"column":6},"end":{"line":67,"column":13}},"38":{"start":{"line":70,"column":4},"end":{"line":74,"column":5}},"39":{"start":{"line":71,"column":20},"end":{"line":71,"column":64}},"40":{"start":{"line":72,"column":6},"end":{"line":72,"column":53}},"41":{"start":{"line":73,"column":6},"end":{"line":73,"column":13}},"42":{"start":{"line":76,"column":30},"end":{"line":76,"column":74}},"43":{"start":{"line":78,"column":4},"end":{"line":82,"column":5}},"44":{"start":{"line":79,"column":20},"end":{"line":79,"column":52}},"45":{"start":{"line":80,"column":6},"end":{"line":80,"column":53}},"46":{"start":{"line":81,"column":6},"end":{"line":81,"column":13}},"47":{"start":{"line":84,"column":18},"end":{"line":84,"column":38}},"48":{"start":{"line":85,"column":4},"end":{"line":85,"column":20}},"49":{"start":{"line":88,"column":26},"end":{"line":110,"column":3}},"50":{"start":{"line":89,"column":32},"end":{"line":89,"column":40}},"51":{"start":{"line":92,"column":17},"end":{"line":92,"column":57}},"52":{"start":{"line":94,"column":4},"end":{"line":98,"column":5}},"53":{"start":{"line":95,"column":20},"end":{"line":95,"column":54}},"54":{"start":{"line":96,"column":6},"end":{"line":96,"column":53}},"55":{"start":{"line":97,"column":6},"end":{"line":97,"column":13}},"56":{"start":{"line":100,"column":4},"end":{"line":100,"column":33}},"57":{"start":{"line":101,"column":4},"end":{"line":101,"column":22}},"58":{"start":{"line":103,"column":4},"end":{"line":107,"column":7}},"59":{"start":{"line":109,"column":4},"end":{"line":109,"column":56}},"60":{"start":{"line":112,"column":25},"end":{"line":124,"column":3}},"61":{"start":{"line":113,"column":22},"end":{"line":113,"column":30}},"62":{"start":{"line":115,"column":24},"end":{"line":115,"column":64}},"63":{"start":{"line":117,"column":4},"end":{"line":121,"column":5}},"64":{"start":{"line":118,"column":20},"end":{"line":118,"column":48}},"65":{"start":{"line":119,"column":6},"end":{"line":119,"column":53}},"66":{"start":{"line":120,"column":6},"end":{"line":120,"column":13}},"67":{"start":{"line":123,"column":4},"end":{"line":123,"column":33}},"68":{"start":{"line":126,"column":34},"end":{"line":146,"column":3}},"69":{"start":{"line":127,"column":22},"end":{"line":127,"column":32}},"70":{"start":{"line":128,"column":25},"end":{"line":128,"column":33}},"71":{"start":{"line":130,"column":17},"end":{"line":130,"column":57}},"72":{"start":{"line":132,"column":4},"end":{"line":136,"column":5}},"73":{"start":{"line":133,"column":20},"end":{"line":133,"column":48}},"74":{"start":{"line":134,"column":6},"end":{"line":134,"column":53}},"75":{"start":{"line":135,"column":6},"end":{"line":135,"column":13}},"76":{"start":{"line":140,"column":4},"end":{"line":140,"column":49}},"77":{"start":{"line":141,"column":4},"end":{"line":141,"column":22}},"78":{"start":{"line":143,"column":4},"end":{"line":143,"column":22}},"79":{"start":{"line":145,"column":4},"end":{"line":145,"column":54}},"80":{"start":{"line":148,"column":16},"end":{"line":150,"column":3}},"81":{"start":{"line":149,"column":4},"end":{"line":149,"column":23}},"82":{"start":{"line":152,"column":37},"end":{"line":174,"column":3}},"83":{"start":{"line":153,"column":43},"end":{"line":153,"column":51}},"84":{"start":{"line":155,"column":19},"end":{"line":155,"column":27}},"85":{"start":{"line":157,"column":17},"end":{"line":157,"column":40}},"86":{"start":{"line":159,"column":30},"end":{"line":161,"column":null}},"87":{"start":{"line":164,"column":4},"end":{"line":168,"column":5}},"88":{"start":{"line":165,"column":20},"end":{"line":165,"column":64}},"89":{"start":{"line":166,"column":6},"end":{"line":166,"column":53}},"90":{"start":{"line":167,"column":6},"end":{"line":167,"column":13}},"91":{"start":{"line":170,"column":4},"end":{"line":170,"column":49}},"92":{"start":{"line":171,"column":4},"end":{"line":171,"column":22}},"93":{"start":{"line":173,"column":4},"end":{"line":173,"column":55}},"94":{"start":{"line":175,"column":25},"end":{"line":196,"column":3}},"95":{"start":{"line":176,"column":24},"end":{"line":176,"column":32}},"96":{"start":{"line":178,"column":19},"end":{"line":178,"column":27}},"97":{"start":{"line":180,"column":17},"end":{"line":180,"column":40}},"98":{"start":{"line":182,"column":30},"end":{"line":184,"column":null}},"99":{"start":{"line":187,"column":4},"end":{"line":191,"column":5}},"100":{"start":{"line":188,"column":20},"end":{"line":188,"column":64}},"101":{"start":{"line":189,"column":6},"end":{"line":189,"column":53}},"102":{"start":{"line":190,"column":6},"end":{"line":190,"column":13}},"103":{"start":{"line":195,"column":4},"end":{"line":195,"column":34}},"104":{"start":{"line":8,"column":0},"end":{"line":8,"column":13}}},"fnMap":{"0":{"name":"(anonymous_1)","decl":{"start":{"line":9,"column":25},"end":{"line":9,"column":30}},"loc":{"start":{"line":9,"column":63},"end":{"line":39,"column":3}}},"1":{"name":"(anonymous_2)","decl":{"start":{"line":41,"column":26},"end":{"line":41,"column":31}},"loc":{"start":{"line":41,"column":64},"end":{"line":56,"column":3}}},"2":{"name":"(anonymous_3)","decl":{"start":{"line":58,"column":17},"end":{"line":58,"column":22}},"loc":{"start":{"line":58,"column":55},"end":{"line":86,"column":3}}},"3":{"name":"(anonymous_4)","decl":{"start":{"line":88,"column":26},"end":{"line":88,"column":31}},"loc":{"start":{"line":88,"column":64},"end":{"line":110,"column":3}}},"4":{"name":"(anonymous_5)","decl":{"start":{"line":112,"column":25},"end":{"line":112,"column":30}},"loc":{"start":{"line":112,"column":63},"end":{"line":124,"column":3}}},"5":{"name":"(anonymous_6)","decl":{"start":{"line":126,"column":34},"end":{"line":126,"column":39}},"loc":{"start":{"line":126,"column":72},"end":{"line":146,"column":3}}},"6":{"name":"(anonymous_7)","decl":{"start":{"line":148,"column":16},"end":{"line":148,"column":21}},"loc":{"start":{"line":148,"column":54},"end":{"line":150,"column":3}}},"7":{"name":"(anonymous_8)","decl":{"start":{"line":152,"column":37},"end":{"line":152,"column":42}},"loc":{"start":{"line":152,"column":75},"end":{"line":174,"column":3}}},"8":{"name":"(anonymous_9)","decl":{"start":{"line":175,"column":25},"end":{"line":175,"column":30}},"loc":{"start":{"line":175,"column":63},"end":{"line":196,"column":3}}}},"branchMap":{"0":{"loc":{"start":{"line":16,"column":4},"end":{"line":20,"column":5}},"type":"if","locations":[{"start":{"line":16,"column":4},"end":{"line":20,"column":5}}]},"1":{"loc":{"start":{"line":46,"column":4},"end":{"line":50,"column":5}},"type":"if","locations":[{"start":{"line":46,"column":4},"end":{"line":50,"column":5}}]},"2":{"loc":{"start":{"line":64,"column":4},"end":{"line":68,"column":5}},"type":"if","locations":[{"start":{"line":64,"column":4},"end":{"line":68,"column":5}}]},"3":{"loc":{"start":{"line":70,"column":4},"end":{"line":74,"column":5}},"type":"if","locations":[{"start":{"line":70,"column":4},"end":{"line":74,"column":5}}]},"4":{"loc":{"start":{"line":78,"column":4},"end":{"line":82,"column":5}},"type":"if","locations":[{"start":{"line":78,"column":4},"end":{"line":82,"column":5}}]},"5":{"loc":{"start":{"line":94,"column":4},"end":{"line":98,"column":5}},"type":"if","locations":[{"start":{"line":94,"column":4},"end":{"line":98,"column":5}}]},"6":{"loc":{"start":{"line":117,"column":4},"end":{"line":121,"column":5}},"type":"if","locations":[{"start":{"line":117,"column":4},"end":{"line":121,"column":5}}]},"7":{"loc":{"start":{"line":132,"column":4},"end":{"line":136,"column":5}},"type":"if","locations":[{"start":{"line":132,"column":4},"end":{"line":136,"column":5}}]},"8":{"loc":{"start":{"line":164,"column":4},"end":{"line":168,"column":5}},"type":"if","locations":[{"start":{"line":164,"column":4},"end":{"line":168,"column":5}}]},"9":{"loc":{"start":{"line":187,"column":4},"end":{"line":191,"column":5}},"type":"if","locations":[{"start":{"line":187,"column":4},"end":{"line":191,"column":5}}]}},"s":{"0":1,"1":1,"2":1,"3":1,"4":1,"5":1,"6":2,"7":2,"8":2,"9":1,"10":1,"11":1,"12":1,"13":1,"14":1,"15":1,"16":1,"17":1,"18":1,"19":0,"20":1,"21":0,"22":0,"23":0,"24":0,"25":0,"26":0,"27":0,"28":0,"29":0,"30":0,"31":1,"32":4,"33":4,"34":4,"35":1,"36":1,"37":1,"38":3,"39":1,"40":1,"41":1,"42":2,"43":2,"44":1,"45":1,"46":1,"47":1,"48":1,"49":1,"50":0,"51":0,"52":0,"53":0,"54":0,"55":0,"56":0,"57":0,"58":0,"59":0,"60":1,"61":0,"62":0,"63":0,"64":0,"65":0,"66":0,"67":0,"68":1,"69":0,"70":0,"71":0,"72":0,"73":0,"74":0,"75":0,"76":0,"77":0,"78":0,"79":0,"80":1,"81":0,"82":1,"83":0,"84":0,"85":0,"86":0,"87":0,"88":0,"89":0,"90":0,"91":0,"92":0,"93":0,"94":1,"95":0,"96":0,"97":0,"98":0,"99":0,"100":0,"101":0,"102":0,"103":0,"104":1},"f":{"0":2,"1":0,"2":4,"3":0,"4":0,"5":0,"6":0,"7":0,"8":0},"b":{"0":[1],"1":[0],"2":[1],"3":[1],"4":[1],"5":[0],"6":[0],"7":[0],"8":[0],"9":[0]}}
,"C:\\Desarrollo web\\Master NextJs\\Cashtrack\\backend\\src\\controllers\\BudgetController.ts": {"path":"C:\\Desarrollo web\\Master NextJs\\Cashtrack\\backend\\src\\controllers\\BudgetController.ts","statementMap":{"0":{"start":{"line":2,"column":0},"end":{"line":2,"column":38}},"1":{"start":{"line":3,"column":0},"end":{"line":3,"column":40}},"2":{"start":{"line":6,"column":18},"end":{"line":21,"column":3}},"3":{"start":{"line":7,"column":4},"end":{"line":20,"column":5}},"4":{"start":{"line":8,"column":22},"end":{"line":15,"column":8}},"5":{"start":{"line":17,"column":6},"end":{"line":17,"column":24}},"6":{"start":{"line":19,"column":6},"end":{"line":19,"column":55}},"7":{"start":{"line":22,"column":18},"end":{"line":31,"column":3}},"8":{"start":{"line":23,"column":4},"end":{"line":30,"column":5}},"9":{"start":{"line":24,"column":21},"end":{"line":24,"column":50}},"10":{"start":{"line":25,"column":6},"end":{"line":25,"column":null}},"11":{"start":{"line":26,"column":6},"end":{"line":26,"column":26}},"12":{"start":{"line":27,"column":6},"end":{"line":27,"column":63}},"13":{"start":{"line":29,"column":6},"end":{"line":29,"column":55}},"14":{"start":{"line":32,"column":19},"end":{"line":39,"column":3}},"15":{"start":{"line":33,"column":19},"end":{"line":35,"column":6}},"16":{"start":{"line":38,"column":4},"end":{"line":38,"column":21}},"17":{"start":{"line":40,"column":22},"end":{"line":46,"column":3}},"18":{"start":{"line":44,"column":6},"end":{"line":44,"column":40}},"19":{"start":{"line":45,"column":6},"end":{"line":45,"column":56}},"20":{"start":{"line":47,"column":22},"end":{"line":52,"column":3}},"21":{"start":{"line":49,"column":6},"end":{"line":49,"column":33}},"22":{"start":{"line":50,"column":6},"end":{"line":50,"column":54}},"23":{"start":{"line":5,"column":0},"end":{"line":5,"column":13}}},"fnMap":{"0":{"name":"(anonymous_1)","decl":{"start":{"line":6,"column":18},"end":{"line":6,"column":23}},"loc":{"start":{"line":6,"column":56},"end":{"line":21,"column":3}}},"1":{"name":"(anonymous_2)","decl":{"start":{"line":22,"column":18},"end":{"line":22,"column":23}},"loc":{"start":{"line":22,"column":56},"end":{"line":31,"column":3}}},"2":{"name":"(anonymous_3)","decl":{"start":{"line":32,"column":19},"end":{"line":32,"column":24}},"loc":{"start":{"line":32,"column":57},"end":{"line":39,"column":3}}},"3":{"name":"(anonymous_4)","decl":{"start":{"line":40,"column":22},"end":{"line":40,"column":27}},"loc":{"start":{"line":40,"column":60},"end":{"line":46,"column":3}}},"4":{"name":"(anonymous_5)","decl":{"start":{"line":47,"column":22},"end":{"line":47,"column":27}},"loc":{"start":{"line":47,"column":60},"end":{"line":52,"column":3}}}},"branchMap":{},"s":{"0":1,"1":1,"2":1,"3":4,"4":4,"5":3,"6":1,"7":1,"8":2,"9":2,"10":1,"11":1,"12":1,"13":1,"14":1,"15":3,"16":3,"17":1,"18":1,"19":1,"20":1,"21":1,"22":1,"23":1},"f":{"0":4,"1":2,"2":3,"3":1,"4":1},"b":{}}
,"C:\\Desarrollo web\\Master NextJs\\Cashtrack\\backend\\src\\controllers\\ExpenseControllers.ts": {"path":"C:\\Desarrollo web\\Master NextJs\\Cashtrack\\backend\\src\\controllers\\ExpenseControllers.ts","statementMap":{"0":{"start":{"line":2,"column":0},"end":{"line":2,"column":39}},"1":{"start":{"line":5,"column":20},"end":{"line":7,"column":5}},"2":{"start":{"line":9,"column":20},"end":{"line":22,"column":5}},"3":{"start":{"line":10,"column":5},"end":{"line":21,"column":6}},"4":{"start":{"line":12,"column":24},"end":{"line":12,"column":54}},"5":{"start":{"line":13,"column":8},"end":{"line":13,"column":null}},"6":{"start":{"line":14,"column":8},"end":{"line":14,"column":null}},"7":{"start":{"line":16,"column":8},"end":{"line":16,"column":null}},"8":{"start":{"line":20,"column":8},"end":{"line":20,"column":null}},"9":{"start":{"line":24,"column":21},"end":{"line":26,"column":5}},"10":{"start":{"line":25,"column":8},"end":{"line":25,"column":null}},"11":{"start":{"line":28,"column":24},"end":{"line":31,"column":5}},"12":{"start":{"line":29,"column":8},"end":{"line":29,"column":null}},"13":{"start":{"line":30,"column":8},"end":{"line":30,"column":null}},"14":{"start":{"line":33,"column":24},"end":{"line":36,"column":5}},"15":{"start":{"line":34,"column":12},"end":{"line":34,"column":null}},"16":{"start":{"line":35,"column":12},"end":{"line":35,"column":null}},"17":{"start":{"line":4,"column":0},"end":{"line":4,"column":13}}},"fnMap":{"0":{"name":"(anonymous_1)","decl":{"start":{"line":5,"column":20},"end":{"line":5,"column":25}},"loc":{"start":{"line":5,"column":58},"end":{"line":7,"column":5}}},"1":{"name":"(anonymous_2)","decl":{"start":{"line":9,"column":20},"end":{"line":9,"column":25}},"loc":{"start":{"line":9,"column":58},"end":{"line":22,"column":5}}},"2":{"name":"(anonymous_3)","decl":{"start":{"line":24,"column":21},"end":{"line":24,"column":26}},"loc":{"start":{"line":24,"column":59},"end":{"line":26,"column":5}}},"3":{"name":"(anonymous_4)","decl":{"start":{"line":28,"column":24},"end":{"line":28,"column":29}},"loc":{"start":{"line":28,"column":62},"end":{"line":31,"column":5}}},"4":{"name":"(anonymous_5)","decl":{"start":{"line":33,"column":24},"end":{"line":33,"column":29}},"loc":{"start":{"line":33,"column":62},"end":{"line":36,"column":5}}}},"branchMap":{},"s":{"0":1,"1":1,"2":1,"3":2,"4":2,"5":1,"6":1,"7":1,"8":1,"9":1,"10":1,"11":1,"12":1,"13":1,"14":1,"15":1,"16":1,"17":1},"f":{"0":0,"1":2,"2":1,"3":1,"4":1},"b":{}}
,"C:\\Desarrollo web\\Master NextJs\\Cashtrack\\backend\\src\\email\\AuthEmail.ts": {"path":"C:\\Desarrollo web\\Master NextJs\\Cashtrack\\backend\\src\\email\\AuthEmail.ts","statementMap":{"0":{"start":{"line":1,"column":0},"end":{"line":1,"column":48}},"1":{"start":{"line":11,"column":35},"end":{"line":25,"column":5}},"2":{"start":{"line":12,"column":21},"end":{"line":22,"column":9}},"3":{"start":{"line":24,"column":7},"end":{"line":24,"column":null}},"4":{"start":{"line":27,"column":36},"end":{"line":41,"column":6}},"5":{"start":{"line":28,"column":22},"end":{"line":38,"column":10}},"6":{"start":{"line":40,"column":8},"end":{"line":40,"column":null}},"7":{"start":{"line":10,"column":0},"end":{"line":10,"column":13}}},"fnMap":{"0":{"name":"(anonymous_0)","decl":{"start":{"line":11,"column":35},"end":{"line":11,"column":40}},"loc":{"start":{"line":11,"column":61},"end":{"line":25,"column":5}}},"1":{"name":"(anonymous_1)","decl":{"start":{"line":27,"column":36},"end":{"line":27,"column":41}},"loc":{"start":{"line":27,"column":62},"end":{"line":41,"column":6}}}},"branchMap":{},"s":{"0":1,"1":1,"2":0,"3":0,"4":1,"5":0,"6":0,"7":1},"f":{"0":0,"1":0},"b":{}}
,"C:\\Desarrollo web\\Master NextJs\\Cashtrack\\backend\\src\\middleware\\budget.ts": {"path":"C:\\Desarrollo web\\Master NextJs\\Cashtrack\\backend\\src\\middleware\\budget.ts","statementMap":{"0":{"start":{"line":80,"column":2},"end":{"line":80,"column":18}},"1":{"start":{"line":2,"column":0},"end":{"line":2,"column":66}},"2":{"start":{"line":3,"column":0},"end":{"line":3,"column":38}},"3":{"start":{"line":13,"column":32},"end":{"line":31,"column":1}},"4":{"start":{"line":18,"column":2},"end":{"line":23,"column":14}},"5":{"start":{"line":21,"column":23},"end":{"line":21,"column":32}},"6":{"start":{"line":25,"column":15},"end":{"line":25,"column":36}},"7":{"start":{"line":26,"column":2},"end":{"line":29,"column":3}},"8":{"start":{"line":27,"column":4},"end":{"line":27,"column":53}},"9":{"start":{"line":28,"column":4},"end":{"line":28,"column":11}},"10":{"start":{"line":30,"column":2},"end":{"line":30,"column":9}},"11":{"start":{"line":13,"column":13},"end":{"line":13,"column":32}},"12":{"start":{"line":33,"column":36},"end":{"line":55,"column":1}},"13":{"start":{"line":38,"column":2},"end":{"line":54,"column":3}},"14":{"start":{"line":39,"column":25},"end":{"line":39,"column":35}},"15":{"start":{"line":41,"column":19},"end":{"line":41,"column":50}},"16":{"start":{"line":43,"column":4},"end":{"line":47,"column":5}},"17":{"start":{"line":44,"column":20},"end":{"line":44,"column":58}},"18":{"start":{"line":45,"column":6},"end":{"line":45,"column":53}},"19":{"start":{"line":46,"column":6},"end":{"line":46,"column":13}},"20":{"start":{"line":49,"column":4},"end":{"line":49,"column":24}},"21":{"start":{"line":51,"column":4},"end":{"line":51,"column":11}},"22":{"start":{"line":53,"column":4},"end":{"line":53,"column":53}},"23":{"start":{"line":33,"column":13},"end":{"line":33,"column":36}},"24":{"start":{"line":58,"column":35},"end":{"line":77,"column":3}},"25":{"start":{"line":64,"column":3},"end":{"line":66,"column":null}},"26":{"start":{"line":67,"column":3},"end":{"line":73,"column":null}},"27":{"start":{"line":72,"column":27},"end":{"line":72,"column":36}},"28":{"start":{"line":75,"column":4},"end":{"line":75,"column":null}},"29":{"start":{"line":58,"column":13},"end":{"line":58,"column":35}},"30":{"start":{"line":81,"column":4},"end":{"line":86,"column":5}},"31":{"start":{"line":82,"column":20},"end":{"line":82,"column":49}},"32":{"start":{"line":84,"column":6},"end":{"line":84,"column":null}},"33":{"start":{"line":85,"column":6},"end":{"line":85,"column":12}},"34":{"start":{"line":87,"column":4},"end":{"line":87,"column":null}}},"fnMap":{"0":{"name":"(anonymous_1)","decl":{"start":{"line":13,"column":32},"end":{"line":13,"column":37}},"loc":{"start":{"line":17,"column":4},"end":{"line":31,"column":1}}},"1":{"name":"(anonymous_2)","decl":{"start":{"line":21,"column":12},"end":{"line":21,"column":13}},"loc":{"start":{"line":21,"column":23},"end":{"line":21,"column":32}}},"2":{"name":"(anonymous_3)","decl":{"start":{"line":33,"column":36},"end":{"line":33,"column":41}},"loc":{"start":{"line":37,"column":4},"end":{"line":55,"column":1}}},"3":{"name":"(anonymous_4)","decl":{"start":{"line":58,"column":35},"end":{"line":58,"column":40}},"loc":{"start":{"line":62,"column":6},"end":{"line":77,"column":3}}},"4":{"name":"(anonymous_5)","decl":{"start":{"line":72,"column":16},"end":{"line":72,"column":17}},"loc":{"start":{"line":72,"column":27},"end":{"line":72,"column":36}}},"5":{"name":"hasAccess","decl":{"start":{"line":80,"column":18},"end":{"line":80,"column":27}},"loc":{"start":{"line":80,"column":75},"end":{"line":88,"column":3}}}},"branchMap":{"0":{"loc":{"start":{"line":26,"column":2},"end":{"line":29,"column":3}},"type":"if","locations":[{"start":{"line":26,"column":2},"end":{"line":29,"column":3}}]},"1":{"loc":{"start":{"line":43,"column":4},"end":{"line":47,"column":5}},"type":"if","locations":[{"start":{"line":43,"column":4},"end":{"line":47,"column":5}}]},"2":{"loc":{"start":{"line":81,"column":4},"end":{"line":86,"column":5}},"type":"if","locations":[{"start":{"line":81,"column":4},"end":{"line":86,"column":5}}]}},"s":{"0":2,"1":2,"2":2,"3":2,"4":0,"5":0,"6":0,"7":0,"8":0,"9":0,"10":0,"11":2,"12":2,"13":3,"14":3,"15":3,"16":2,"17":1,"18":1,"19":1,"20":1,"21":1,"22":1,"23":2,"24":2,"25":0,"26":0,"27":0,"28":0,"29":2,"30":3,"31":2,"32":2,"33":2,"34":1},"f":{"0":0,"1":0,"2":3,"3":0,"4":0,"5":3},"b":{"0":[0],"1":[1],"2":[2]}}
,"C:\\Desarrollo web\\Master NextJs\\Cashtrack\\backend\\src\\middleware\\expense.ts": {"path":"C:\\Desarrollo web\\Master NextJs\\Cashtrack\\backend\\src\\middleware\\expense.ts","statementMap":{"0":{"start":{"line":2,"column":0},"end":{"line":2,"column":66}},"1":{"start":{"line":3,"column":0},"end":{"line":3,"column":40}},"2":{"start":{"line":13,"column":36},"end":{"line":32,"column":1}},"3":{"start":{"line":18,"column":2},"end":{"line":21,"column":14}},"4":{"start":{"line":22,"column":2},"end":{"line":29,"column":14}},"5":{"start":{"line":27,"column":23},"end":{"line":27,"column":32}},"6":{"start":{"line":31,"column":2},"end":{"line":31,"column":9}},"7":{"start":{"line":13,"column":13},"end":{"line":13,"column":36}},"8":{"start":{"line":34,"column":33},"end":{"line":52,"column":1}},"9":{"start":{"line":39,"column":2},"end":{"line":43,"column":14}},"10":{"start":{"line":41,"column":23},"end":{"line":41,"column":32}},"11":{"start":{"line":45,"column":15},"end":{"line":45,"column":36}},"12":{"start":{"line":46,"column":2},"end":{"line":49,"column":3}},"13":{"start":{"line":47,"column":4},"end":{"line":47,"column":53}},"14":{"start":{"line":48,"column":4},"end":{"line":48,"column":11}},"15":{"start":{"line":51,"column":2},"end":{"line":51,"column":9}},"16":{"start":{"line":34,"column":13},"end":{"line":34,"column":33}},"17":{"start":{"line":54,"column":37},"end":{"line":76,"column":1}},"18":{"start":{"line":59,"column":2},"end":{"line":75,"column":3}},"19":{"start":{"line":60,"column":26},"end":{"line":60,"column":36}},"20":{"start":{"line":62,"column":20},"end":{"line":62,"column":53}},"21":{"start":{"line":64,"column":4},"end":{"line":68,"column":5}},"22":{"start":{"line":65,"column":20},"end":{"line":65,"column":52}},"23":{"start":{"line":66,"column":6},"end":{"line":66,"column":53}},"24":{"start":{"line":67,"column":6},"end":{"line":67,"column":13}},"25":{"start":{"line":70,"column":4},"end":{"line":70,"column":26}},"26":{"start":{"line":72,"column":4},"end":{"line":72,"column":11}},"27":{"start":{"line":74,"column":4},"end":{"line":74,"column":53}},"28":{"start":{"line":54,"column":13},"end":{"line":54,"column":37}}},"fnMap":{"0":{"name":"(anonymous_1)","decl":{"start":{"line":13,"column":36},"end":{"line":13,"column":41}},"loc":{"start":{"line":17,"column":4},"end":{"line":32,"column":1}}},"1":{"name":"(anonymous_2)","decl":{"start":{"line":27,"column":12},"end":{"line":27,"column":13}},"loc":{"start":{"line":27,"column":23},"end":{"line":27,"column":32}}},"2":{"name":"(anonymous_3)","decl":{"start":{"line":34,"column":33},"end":{"line":34,"column":38}},"loc":{"start":{"line":38,"column":4},"end":{"line":52,"column":1}}},"3":{"name":"(anonymous_4)","decl":{"start":{"line":41,"column":12},"end":{"line":41,"column":13}},"loc":{"start":{"line":41,"column":23},"end":{"line":41,"column":32}}},"4":{"name":"(anonymous_5)","decl":{"start":{"line":54,"column":37},"end":{"line":54,"column":42}},"loc":{"start":{"line":58,"column":4},"end":{"line":76,"column":1}}}},"branchMap":{"0":{"loc":{"start":{"line":46,"column":2},"end":{"line":49,"column":3}},"type":"if","locations":[{"start":{"line":46,"column":2},"end":{"line":49,"column":3}}]},"1":{"loc":{"start":{"line":64,"column":4},"end":{"line":68,"column":5}},"type":"if","locations":[{"start":{"line":64,"column":4},"end":{"line":68,"column":5}}]}},"s":{"0":1,"1":1,"2":1,"3":0,"4":0,"5":0,"6":0,"7":1,"8":1,"9":0,"10":0,"11":0,"12":0,"13":0,"14":0,"15":0,"16":1,"17":1,"18":3,"19":3,"20":3,"21":2,"22":1,"23":1,"24":1,"25":1,"26":1,"27":1,"28":1},"f":{"0":0,"1":0,"2":0,"3":0,"4":3},"b":{"0":[0],"1":[1]}}
,"C:\\Desarrollo web\\Master NextJs\\Cashtrack\\backend\\src\\models\\Expense.ts": {"path":"C:\\Desarrollo web\\Master NextJs\\Cashtrack\\backend\\src\\models\\Expense.ts","statementMap":{"0":{"start":{"line":1,"column":0},"end":{"line":1,"column":104}},"1":{"start":{"line":2,"column":0},"end":{"line":2,"column":30}},"2":{"start":{"line":8,"column":0},"end":{"line":26,"column":null}},"3":{"start":{"line":13,"column":12},"end":{"line":13,"column":null}},"4":{"start":{"line":19,"column":12},"end":{"line":19,"column":null}},"5":{"start":{"line":22,"column":12},"end":{"line":22,"column":null}},"6":{"start":{"line":21,"column":22},"end":{"line":21,"column":28}},"7":{"start":{"line":25,"column":13},"end":{"line":25,"column":null}},"8":{"start":{"line":24,"column":22},"end":{"line":24,"column":28}},"9":{"start":{"line":8,"column":6},"end":{"line":26,"column":null}},"10":{"start":{"line":28,"column":0},"end":{"line":28,"column":null}}},"fnMap":{"0":{"name":"(anonymous_3)","decl":{"start":{"line":21,"column":16},"end":{"line":21,"column":19}},"loc":{"start":{"line":21,"column":22},"end":{"line":21,"column":28}}},"1":{"name":"(anonymous_4)","decl":{"start":{"line":24,"column":16},"end":{"line":24,"column":19}},"loc":{"start":{"line":24,"column":22},"end":{"line":24,"column":28}}}},"branchMap":{},"s":{"0":2,"1":2,"2":2,"3":2,"4":2,"5":2,"6":0,"7":2,"8":0,"9":2,"10":2},"f":{"0":0,"1":0},"b":{}}
,"C:\\Desarrollo web\\Master NextJs\\Cashtrack\\backend\\src\\models\\Users.ts": {"path":"C:\\Desarrollo web\\Master NextJs\\Cashtrack\\backend\\src\\models\\Users.ts","statementMap":{"0":{"start":{"line":1,"column":0},"end":{"line":1,"column":107}},"1":{"start":{"line":2,"column":0},"end":{"line":2,"column":30}},"2":{"start":{"line":8,"column":0},"end":{"line":47,"column":null}},"3":{"start":{"line":14,"column":12},"end":{"line":14,"column":null}},"4":{"start":{"line":21,"column":12},"end":{"line":21,"column":null}},"5":{"start":{"line":28,"column":12},"end":{"line":28,"column":null}},"6":{"start":{"line":33,"column":12},"end":{"line":33,"column":null}},"7":{"start":{"line":40,"column":12},"end":{"line":40,"column":null}},"8":{"start":{"line":46,"column":12},"end":{"line":46,"column":null}},"9":{"start":{"line":42,"column":18},"end":{"line":42,"column":24}},"10":{"start":{"line":8,"column":6},"end":{"line":47,"column":null}},"11":{"start":{"line":49,"column":0},"end":{"line":49,"column":null}}},"fnMap":{"0":{"name":"(anonymous_3)","decl":{"start":{"line":42,"column":13},"end":{"line":42,"column":15}},"loc":{"start":{"line":42,"column":18},"end":{"line":42,"column":24}}}},"branchMap":{},"s":{"0":2,"1":2,"2":2,"3":2,"4":2,"5":2,"6":2,"7":2,"8":2,"9":0,"10":2,"11":2},"f":{"0":0},"b":{}}
,"C:\\Desarrollo web\\Master NextJs\\Cashtrack\\backend\\src\\models\\budget.ts": {"path":"C:\\Desarrollo web\\Master NextJs\\Cashtrack\\backend\\src\\models\\budget.ts","statementMap":{"0":{"start":{"line":1,"column":0},"end":{"line":1,"column":113}},"1":{"start":{"line":2,"column":0},"end":{"line":2,"column":32}},"2":{"start":{"line":3,"column":0},"end":{"line":3,"column":27}},"3":{"start":{"line":9,"column":0},"end":{"line":33,"column":null}},"4":{"start":{"line":14,"column":12},"end":{"line":14,"column":null}},"5":{"start":{"line":20,"column":12},"end":{"line":20,"column":null}},"6":{"start":{"line":26,"column":12},"end":{"line":26,"column":null}},"7":{"start":{"line":22,"column":19},"end":{"line":22,"column":26}},"8":{"start":{"line":29,"column":12},"end":{"line":29,"column":null}},"9":{"start":{"line":28,"column":22},"end":{"line":28,"column":26}},"10":{"start":{"line":32,"column":12},"end":{"line":32,"column":null}},"11":{"start":{"line":31,"column":20},"end":{"line":31,"column":24}},"12":{"start":{"line":9,"column":6},"end":{"line":33,"column":null}},"13":{"start":{"line":35,"column":0},"end":{"line":35,"column":null}}},"fnMap":{"0":{"name":"(anonymous_3)","decl":{"start":{"line":22,"column":13},"end":{"line":22,"column":16}},"loc":{"start":{"line":22,"column":19},"end":{"line":22,"column":26}}},"1":{"name":"(anonymous_4)","decl":{"start":{"line":28,"column":16},"end":{"line":28,"column":19}},"loc":{"start":{"line":28,"column":22},"end":{"line":28,"column":26}}},"2":{"name":"(anonymous_5)","decl":{"start":{"line":31,"column":15},"end":{"line":31,"column":17}},"loc":{"start":{"line":31,"column":20},"end":{"line":31,"column":24}}}},"branchMap":{},"s":{"0":2,"1":2,"2":2,"3":2,"4":2,"5":2,"6":2,"7":0,"8":2,"9":0,"10":2,"11":0,"12":2,"13":2},"f":{"0":0,"1":0,"2":0},"b":{}}
,"C:\\Desarrollo web\\Master NextJs\\Cashtrack\\backend\\src\\tests\\mocks\\budgets.ts": {"path":"C:\\Desarrollo web\\Master NextJs\\Cashtrack\\backend\\src\\tests\\mocks\\budgets.ts","statementMap":{"0":{"start":{"line":1,"column":13},"end":{"line":71,"column":2}}},"fnMap":{},"branchMap":{},"s":{"0":3},"f":{},"b":{}}
,"C:\\Desarrollo web\\Master NextJs\\Cashtrack\\backend\\src\\tests\\mocks\\expenses.ts": {"path":"C:\\Desarrollo web\\Master NextJs\\Cashtrack\\backend\\src\\tests\\mocks\\expenses.ts","statementMap":{"0":{"start":{"line":1,"column":13},"end":{"line":26,"column":null}}},"fnMap":{},"branchMap":{},"s":{"0":2},"f":{},"b":{}}
,"C:\\Desarrollo web\\Master NextJs\\Cashtrack\\backend\\src\\util\\auth.ts": {"path":"C:\\Desarrollo web\\Master NextJs\\Cashtrack\\backend\\src\\util\\auth.ts","statementMap":{"0":{"start":{"line":1,"column":0},"end":{"line":1,"column":27}},"1":{"start":{"line":3,"column":28},"end":{"line":6,"column":1}},"2":{"start":{"line":4,"column":17},"end":{"line":4,"column":41}},"3":{"start":{"line":5,"column":4},"end":{"line":5,"column":null}},"4":{"start":{"line":3,"column":13},"end":{"line":3,"column":28}},"5":{"start":{"line":8,"column":29},"end":{"line":10,"column":1}},"6":{"start":{"line":9,"column":4},"end":{"line":9,"column":null}},"7":{"start":{"line":8,"column":13},"end":{"line":8,"column":29}}},"fnMap":{"0":{"name":"(anonymous_1)","decl":{"start":{"line":3,"column":28},"end":{"line":3,"column":33}},"loc":{"start":{"line":3,"column":55},"end":{"line":6,"column":1}}},"1":{"name":"(anonymous_2)","decl":{"start":{"line":8,"column":29},"end":{"line":8,"column":34}},"loc":{"start":{"line":8,"column":70},"end":{"line":10,"column":1}}}},"branchMap":{},"s":{"0":1,"1":1,"2":0,"3":0,"4":1,"5":1,"6":0,"7":1},"f":{"0":0,"1":0},"b":{}}
,"C:\\Desarrollo web\\Master NextJs\\Cashtrack\\backend\\src\\util\\jws.ts": {"path":"C:\\Desarrollo web\\Master NextJs\\Cashtrack\\backend\\src\\util\\jws.ts","statementMap":{"0":{"start":{"line":1,"column":0},"end":{"line":1,"column":30}},"1":{"start":{"line":3,"column":27},"end":{"line":9,"column":1}},"2":{"start":{"line":4,"column":17},"end":{"line":6,"column":5}},"3":{"start":{"line":8,"column":3},"end":{"line":8,"column":null}},"4":{"start":{"line":3,"column":13},"end":{"line":3,"column":27}}},"fnMap":{"0":{"name":"(anonymous_1)","decl":{"start":{"line":3,"column":27},"end":{"line":3,"column":28}},"loc":{"start":{"line":3,"column":42},"end":{"line":9,"column":1}}}},"branchMap":{},"s":{"0":1,"1":1,"2":0,"3":0,"4":1},"f":{"0":0},"b":{}}
,"C:\\Desarrollo web\\Master NextJs\\Cashtrack\\backend\\src\\util\\token.ts": {"path":"C:\\Desarrollo web\\Master NextJs\\Cashtrack\\backend\\src\\util\\token.ts","statementMap":{"0":{"start":{"line":1,"column":29},"end":{"line":1,"column":89}},"1":{"start":{"line":1,"column":35},"end":{"line":1,"column":89}},"2":{"start":{"line":1,"column":13},"end":{"line":1,"column":29}}},"fnMap":{"0":{"name":"(anonymous_0)","decl":{"start":{"line":1,"column":29},"end":{"line":1,"column":32}},"loc":{"start":{"line":1,"column":35},"end":{"line":1,"column":89}}}},"branchMap":{},"s":{"0":1,"1":0,"2":1},"f":{"0":0},"b":{}}
}
