{"C:\\Desarrollo web\\Master NextJs\\Cashtrack\\backend\\src\\server.ts": {"path":"C:\\Desarrollo web\\Master NextJs\\Cashtrack\\backend\\src\\server.ts","statementMap":{"0":{"start":{"line":9,"column":0},"end":{"line":9,"column":7}},"1":{"start":{"line":1,"column":0},"end":{"line":1,"column":29}},"2":{"start":{"line":2,"column":0},"end":{"line":2,"column":27}},"3":{"start":{"line":3,"column":0},"end":{"line":3,"column":27}},"4":{"start":{"line":4,"column":0},"end":{"line":4,"column":32}},"5":{"start":{"line":5,"column":0},"end":{"line":5,"column":48}},"6":{"start":{"line":6,"column":0},"end":{"line":6,"column":44}},"7":{"start":{"line":10,"column":4},"end":{"line":17,"column":5}},"8":{"start":{"line":11,"column":8},"end":{"line":11,"column":null}},"9":{"start":{"line":12,"column":8},"end":{"line":12,"column":null}},"10":{"start":{"line":13,"column":8},"end":{"line":13,"column":null}},"11":{"start":{"line":16,"column":8},"end":{"line":16,"column":null}},"12":{"start":{"line":20,"column":0},"end":{"line":20,"column":null}},"13":{"start":{"line":22,"column":12},"end":{"line":22,"column":21}},"14":{"start":{"line":24,"column":0},"end":{"line":24,"column":null}},"15":{"start":{"line":26,"column":0},"end":{"line":26,"column":null}},"16":{"start":{"line":30,"column":0},"end":{"line":30,"column":null}},"17":{"start":{"line":31,"column":0},"end":{"line":31,"column":null}},"18":{"start":{"line":33,"column":0},"end":{"line":35,"column":null}},"19":{"start":{"line":34,"column":8},"end":{"line":34,"column":null}},"20":{"start":{"line":38,"column":0},"end":{"line":38,"column":null}}},"fnMap":{"0":{"name":"connectDB","decl":{"start":{"line":9,"column":22},"end":{"line":9,"column":31}},"loc":{"start":{"line":9,"column":31},"end":{"line":18,"column":1}}},"1":{"name":"(anonymous_2)","decl":{"start":{"line":33,"column":13},"end":{"line":33,"column":14}},"loc":{"start":{"line":33,"column":25},"end":{"line":35,"column":1}}}},"branchMap":{},"s":{"0":1,"1":1,"2":1,"3":1,"4":1,"5":1,"6":1,"7":1,"8":1,"9":1,"10":1,"11":0,"12":1,"13":1,"14":1,"15":1,"16":1,"17":1,"18":1,"19":0,"20":1},"f":{"0":1,"1":0},"b":{}}
,"C:\\Desarrollo web\\Master NextJs\\Cashtrack\\backend\\src\\config\\db.ts": {"path":"C:\\Desarrollo web\\Master NextJs\\Cashtrack\\backend\\src\\config\\db.ts","statementMap":{"0":{"start":{"line":1,"column":0},"end":{"line":1,"column":48}},"1":{"start":{"line":2,"column":0},"end":{"line":2,"column":27}},"2":{"start":{"line":4,"column":0},"end":{"line":4,"column":null}},"3":{"start":{"line":6,"column":13},"end":{"line":14,"column":null}}},"fnMap":{},"branchMap":{},"s":{"0":1,"1":1,"2":1,"3":1},"f":{},"b":{}}
,"C:\\Desarrollo web\\Master NextJs\\Cashtrack\\backend\\src\\config\\limiter.ts": {"path":"C:\\Desarrollo web\\Master NextJs\\Cashtrack\\backend\\src\\config\\limiter.ts","statementMap":{"0":{"start":{"line":1,"column":0},"end":{"line":1,"column":44}},"1":{"start":{"line":3,"column":13},"end":{"line":7,"column":null}}},"fnMap":{},"branchMap":{"0":{"loc":{"start":{"line":5,"column":11},"end":{"line":5,"column":58}},"type":"cond-expr","locations":[{"start":{"line":5,"column":51},"end":{"line":5,"column":52}},{"start":{"line":5,"column":55},"end":{"line":5,"column":58}}]}},"s":{"0":1,"1":1},"f":{},"b":{"0":[0,1]}}
,"C:\\Desarrollo web\\Master NextJs\\Cashtrack\\backend\\src\\config\\nodemailer.ts": {"path":"C:\\Desarrollo web\\Master NextJs\\Cashtrack\\backend\\src\\config\\nodemailer.ts","statementMap":{"0":{"start":{"line":1,"column":0},"end":{"line":1,"column":35}},"1":{"start":{"line":2,"column":0},"end":{"line":2,"column":27}},"2":{"start":{"line":3,"column":0},"end":{"line":3,"column":null}},"3":{"start":{"line":6,"column":14},"end":{"line":15,"column":1}},"4":{"start":{"line":7,"column":4},"end":{"line":14,"column":null}},"5":{"start":{"line":17,"column":13},"end":{"line":17,"column":62}}},"fnMap":{"0":{"name":"(anonymous_1)","decl":{"start":{"line":6,"column":14},"end":{"line":6,"column":17}},"loc":{"start":{"line":6,"column":19},"end":{"line":15,"column":1}}}},"branchMap":{},"s":{"0":2,"1":2,"2":2,"3":2,"4":2,"5":2},"f":{"0":2},"b":{}}
,"C:\\Desarrollo web\\Master NextJs\\Cashtrack\\backend\\src\\controllers\\AuthController.ts": {"path":"C:\\Desarrollo web\\Master NextJs\\Cashtrack\\backend\\src\\controllers\\AuthController.ts","statementMap":{"0":{"start":{"line":2,"column":0},"end":{"line":2,"column":35}},"1":{"start":{"line":3,"column":0},"end":{"line":3,"column":59}},"2":{"start":{"line":4,"column":0},"end":{"line":4,"column":46}},"3":{"start":{"line":5,"column":0},"end":{"line":5,"column":47}},"4":{"start":{"line":6,"column":0},"end":{"line":6,"column":42}},"5":{"start":{"line":9,"column":25},"end":{"line":45,"column":3}},"6":{"start":{"line":10,"column":32},"end":{"line":10,"column":40}},"7":{"start":{"line":14,"column":23},"end":{"line":14,"column":63}},"8":{"start":{"line":16,"column":4},"end":{"line":20,"column":5}},"9":{"start":{"line":17,"column":20},"end":{"line":17,"column":76}},"10":{"start":{"line":18,"column":6},"end":{"line":18,"column":53}},"11":{"start":{"line":19,"column":6},"end":{"line":19,"column":13}},"12":{"start":{"line":21,"column":4},"end":{"line":44,"column":5}},"13":{"start":{"line":22,"column":19},"end":{"line":22,"column":46}},"14":{"start":{"line":24,"column":6},"end":{"line":24,"column":51}},"15":{"start":{"line":25,"column":19},"end":{"line":25,"column":34}},"16":{"start":{"line":27,"column":5},"end":{"line":29,"column":6}},"17":{"start":{"line":28,"column":6},"end":{"line":28,"column":null}},"18":{"start":{"line":31,"column":5},"end":{"line":31,"column":null}},"19":{"start":{"line":32,"column":6},"end":{"line":32,"column":24}},"20":{"start":{"line":34,"column":6},"end":{"line":38,"column":9}},"21":{"start":{"line":40,"column":6},"end":{"line":40,"column":58}},"22":{"start":{"line":43,"column":6},"end":{"line":43,"column":55}},"23":{"start":{"line":47,"column":26},"end":{"line":62,"column":3}},"24":{"start":{"line":48,"column":22},"end":{"line":48,"column":30}},"25":{"start":{"line":50,"column":17},"end":{"line":50,"column":57}},"26":{"start":{"line":52,"column":4},"end":{"line":56,"column":5}},"27":{"start":{"line":53,"column":20},"end":{"line":53,"column":48}},"28":{"start":{"line":54,"column":6},"end":{"line":54,"column":53}},"29":{"start":{"line":55,"column":6},"end":{"line":55,"column":13}},"30":{"start":{"line":57,"column":4},"end":{"line":57,"column":26}},"31":{"start":{"line":58,"column":4},"end":{"line":58,"column":22}},"32":{"start":{"line":60,"column":4},"end":{"line":60,"column":22}},"33":{"start":{"line":61,"column":4},"end":{"line":61,"column":48}},"34":{"start":{"line":64,"column":17},"end":{"line":92,"column":3}},"35":{"start":{"line":65,"column":32},"end":{"line":65,"column":40}},"36":{"start":{"line":68,"column":17},"end":{"line":68,"column":57}},"37":{"start":{"line":70,"column":4},"end":{"line":74,"column":5}},"38":{"start":{"line":71,"column":20},"end":{"line":71,"column":54}},"39":{"start":{"line":72,"column":6},"end":{"line":72,"column":53}},"40":{"start":{"line":73,"column":6},"end":{"line":73,"column":13}},"41":{"start":{"line":76,"column":4},"end":{"line":80,"column":5}},"42":{"start":{"line":77,"column":20},"end":{"line":77,"column":64}},"43":{"start":{"line":78,"column":6},"end":{"line":78,"column":53}},"44":{"start":{"line":79,"column":6},"end":{"line":79,"column":13}},"45":{"start":{"line":82,"column":30},"end":{"line":82,"column":74}},"46":{"start":{"line":84,"column":4},"end":{"line":88,"column":5}},"47":{"start":{"line":85,"column":20},"end":{"line":85,"column":52}},"48":{"start":{"line":86,"column":6},"end":{"line":86,"column":53}},"49":{"start":{"line":87,"column":6},"end":{"line":87,"column":13}},"50":{"start":{"line":90,"column":18},"end":{"line":90,"column":38}},"51":{"start":{"line":91,"column":4},"end":{"line":91,"column":20}},"52":{"start":{"line":94,"column":26},"end":{"line":116,"column":3}},"53":{"start":{"line":95,"column":32},"end":{"line":95,"column":40}},"54":{"start":{"line":98,"column":17},"end":{"line":98,"column":57}},"55":{"start":{"line":100,"column":4},"end":{"line":104,"column":5}},"56":{"start":{"line":101,"column":20},"end":{"line":101,"column":54}},"57":{"start":{"line":102,"column":6},"end":{"line":102,"column":53}},"58":{"start":{"line":103,"column":6},"end":{"line":103,"column":13}},"59":{"start":{"line":106,"column":4},"end":{"line":106,"column":33}},"60":{"start":{"line":107,"column":4},"end":{"line":107,"column":22}},"61":{"start":{"line":109,"column":4},"end":{"line":113,"column":7}},"62":{"start":{"line":115,"column":4},"end":{"line":115,"column":56}},"63":{"start":{"line":118,"column":25},"end":{"line":130,"column":3}},"64":{"start":{"line":119,"column":22},"end":{"line":119,"column":30}},"65":{"start":{"line":121,"column":24},"end":{"line":121,"column":64}},"66":{"start":{"line":123,"column":4},"end":{"line":127,"column":5}},"67":{"start":{"line":124,"column":20},"end":{"line":124,"column":48}},"68":{"start":{"line":125,"column":6},"end":{"line":125,"column":53}},"69":{"start":{"line":126,"column":6},"end":{"line":126,"column":13}},"70":{"start":{"line":129,"column":4},"end":{"line":129,"column":33}},"71":{"start":{"line":132,"column":34},"end":{"line":152,"column":3}},"72":{"start":{"line":133,"column":22},"end":{"line":133,"column":32}},"73":{"start":{"line":134,"column":25},"end":{"line":134,"column":33}},"74":{"start":{"line":136,"column":17},"end":{"line":136,"column":57}},"75":{"start":{"line":138,"column":4},"end":{"line":142,"column":5}},"76":{"start":{"line":139,"column":20},"end":{"line":139,"column":48}},"77":{"start":{"line":140,"column":6},"end":{"line":140,"column":53}},"78":{"start":{"line":141,"column":6},"end":{"line":141,"column":13}},"79":{"start":{"line":146,"column":4},"end":{"line":146,"column":49}},"80":{"start":{"line":147,"column":4},"end":{"line":147,"column":22}},"81":{"start":{"line":149,"column":4},"end":{"line":149,"column":22}},"82":{"start":{"line":151,"column":4},"end":{"line":151,"column":54}},"83":{"start":{"line":154,"column":16},"end":{"line":156,"column":3}},"84":{"start":{"line":155,"column":4},"end":{"line":155,"column":23}},"85":{"start":{"line":158,"column":37},"end":{"line":180,"column":3}},"86":{"start":{"line":159,"column":43},"end":{"line":159,"column":51}},"87":{"start":{"line":161,"column":19},"end":{"line":161,"column":27}},"88":{"start":{"line":163,"column":17},"end":{"line":163,"column":40}},"89":{"start":{"line":165,"column":30},"end":{"line":167,"column":null}},"90":{"start":{"line":170,"column":4},"end":{"line":174,"column":5}},"91":{"start":{"line":171,"column":20},"end":{"line":171,"column":64}},"92":{"start":{"line":172,"column":6},"end":{"line":172,"column":53}},"93":{"start":{"line":173,"column":6},"end":{"line":173,"column":13}},"94":{"start":{"line":176,"column":4},"end":{"line":176,"column":49}},"95":{"start":{"line":177,"column":4},"end":{"line":177,"column":22}},"96":{"start":{"line":179,"column":4},"end":{"line":179,"column":55}},"97":{"start":{"line":181,"column":25},"end":{"line":202,"column":3}},"98":{"start":{"line":182,"column":24},"end":{"line":182,"column":32}},"99":{"start":{"line":184,"column":19},"end":{"line":184,"column":27}},"100":{"start":{"line":186,"column":17},"end":{"line":186,"column":40}},"101":{"start":{"line":188,"column":30},"end":{"line":190,"column":null}},"102":{"start":{"line":193,"column":4},"end":{"line":197,"column":5}},"103":{"start":{"line":194,"column":20},"end":{"line":194,"column":64}},"104":{"start":{"line":195,"column":6},"end":{"line":195,"column":53}},"105":{"start":{"line":196,"column":6},"end":{"line":196,"column":13}},"106":{"start":{"line":201,"column":4},"end":{"line":201,"column":34}},"107":{"start":{"line":8,"column":0},"end":{"line":8,"column":13}}},"fnMap":{"0":{"name":"(anonymous_1)","decl":{"start":{"line":9,"column":25},"end":{"line":9,"column":30}},"loc":{"start":{"line":9,"column":63},"end":{"line":45,"column":3}}},"1":{"name":"(anonymous_2)","decl":{"start":{"line":47,"column":26},"end":{"line":47,"column":31}},"loc":{"start":{"line":47,"column":64},"end":{"line":62,"column":3}}},"2":{"name":"(anonymous_3)","decl":{"start":{"line":64,"column":17},"end":{"line":64,"column":22}},"loc":{"start":{"line":64,"column":55},"end":{"line":92,"column":3}}},"3":{"name":"(anonymous_4)","decl":{"start":{"line":94,"column":26},"end":{"line":94,"column":31}},"loc":{"start":{"line":94,"column":64},"end":{"line":116,"column":3}}},"4":{"name":"(anonymous_5)","decl":{"start":{"line":118,"column":25},"end":{"line":118,"column":30}},"loc":{"start":{"line":118,"column":63},"end":{"line":130,"column":3}}},"5":{"name":"(anonymous_6)","decl":{"start":{"line":132,"column":34},"end":{"line":132,"column":39}},"loc":{"start":{"line":132,"column":72},"end":{"line":152,"column":3}}},"6":{"name":"(anonymous_7)","decl":{"start":{"line":154,"column":16},"end":{"line":154,"column":21}},"loc":{"start":{"line":154,"column":54},"end":{"line":156,"column":3}}},"7":{"name":"(anonymous_8)","decl":{"start":{"line":158,"column":37},"end":{"line":158,"column":42}},"loc":{"start":{"line":158,"column":75},"end":{"line":180,"column":3}}},"8":{"name":"(anonymous_9)","decl":{"start":{"line":181,"column":25},"end":{"line":181,"column":30}},"loc":{"start":{"line":181,"column":63},"end":{"line":202,"column":3}}}},"branchMap":{"0":{"loc":{"start":{"line":16,"column":4},"end":{"line":20,"column":5}},"type":"if","locations":[{"start":{"line":16,"column":4},"end":{"line":20,"column":5}}]},"1":{"loc":{"start":{"line":27,"column":5},"end":{"line":29,"column":6}},"type":"if","locations":[{"start":{"line":27,"column":5},"end":{"line":29,"column":6}}]},"2":{"loc":{"start":{"line":52,"column":4},"end":{"line":56,"column":5}},"type":"if","locations":[{"start":{"line":52,"column":4},"end":{"line":56,"column":5}}]},"3":{"loc":{"start":{"line":70,"column":4},"end":{"line":74,"column":5}},"type":"if","locations":[{"start":{"line":70,"column":4},"end":{"line":74,"column":5}}]},"4":{"loc":{"start":{"line":76,"column":4},"end":{"line":80,"column":5}},"type":"if","locations":[{"start":{"line":76,"column":4},"end":{"line":80,"column":5}}]},"5":{"loc":{"start":{"line":84,"column":4},"end":{"line":88,"column":5}},"type":"if","locations":[{"start":{"line":84,"column":4},"end":{"line":88,"column":5}}]},"6":{"loc":{"start":{"line":100,"column":4},"end":{"line":104,"column":5}},"type":"if","locations":[{"start":{"line":100,"column":4},"end":{"line":104,"column":5}}]},"7":{"loc":{"start":{"line":123,"column":4},"end":{"line":127,"column":5}},"type":"if","locations":[{"start":{"line":123,"column":4},"end":{"line":127,"column":5}}]},"8":{"loc":{"start":{"line":138,"column":4},"end":{"line":142,"column":5}},"type":"if","locations":[{"start":{"line":138,"column":4},"end":{"line":142,"column":5}}]},"9":{"loc":{"start":{"line":170,"column":4},"end":{"line":174,"column":5}},"type":"if","locations":[{"start":{"line":170,"column":4},"end":{"line":174,"column":5}}]},"10":{"loc":{"start":{"line":193,"column":4},"end":{"line":197,"column":5}},"type":"if","locations":[{"start":{"line":193,"column":4},"end":{"line":197,"column":5}}]}},"s":{"0":2,"1":2,"2":2,"3":2,"4":2,"5":2,"6":4,"7":4,"8":4,"9":2,"10":2,"11":2,"12":2,"13":2,"14":2,"15":2,"16":2,"17":2,"18":2,"19":2,"20":2,"21":2,"22":0,"23":2,"24":2,"25":2,"26":2,"27":1,"28":1,"29":1,"30":1,"31":1,"32":1,"33":1,"34":2,"35":14,"36":14,"37":14,"38":2,"39":2,"40":2,"41":12,"42":3,"43":3,"44":3,"45":9,"46":9,"47":2,"48":2,"49":2,"50":7,"51":7,"52":2,"53":0,"54":0,"55":0,"56":0,"57":0,"58":0,"59":0,"60":0,"61":0,"62":0,"63":2,"64":0,"65":0,"66":0,"67":0,"68":0,"69":0,"70":0,"71":2,"72":0,"73":0,"74":0,"75":0,"76":0,"77":0,"78":0,"79":0,"80":0,"81":0,"82":0,"83":2,"84":0,"85":2,"86":0,"87":0,"88":0,"89":0,"90":0,"91":0,"92":0,"93":0,"94":0,"95":0,"96":0,"97":2,"98":0,"99":0,"100":0,"101":0,"102":0,"103":0,"104":0,"105":0,"106":0,"107":2},"f":{"0":4,"1":2,"2":14,"3":0,"4":0,"5":0,"6":0,"7":0,"8":0},"b":{"0":[2],"1":[2],"2":[1],"3":[2],"4":[3],"5":[2],"6":[0],"7":[0],"8":[0],"9":[0],"10":[0]}}
,"C:\\Desarrollo web\\Master NextJs\\Cashtrack\\backend\\src\\controllers\\BudgetController.ts": {"path":"C:\\Desarrollo web\\Master NextJs\\Cashtrack\\backend\\src\\controllers\\BudgetController.ts","statementMap":{"0":{"start":{"line":2,"column":0},"end":{"line":2,"column":38}},"1":{"start":{"line":3,"column":0},"end":{"line":3,"column":40}},"2":{"start":{"line":6,"column":18},"end":{"line":21,"column":3}},"3":{"start":{"line":7,"column":4},"end":{"line":20,"column":5}},"4":{"start":{"line":8,"column":22},"end":{"line":15,"column":8}},"5":{"start":{"line":17,"column":6},"end":{"line":17,"column":24}},"6":{"start":{"line":19,"column":6},"end":{"line":19,"column":55}},"7":{"start":{"line":22,"column":18},"end":{"line":31,"column":3}},"8":{"start":{"line":23,"column":4},"end":{"line":30,"column":5}},"9":{"start":{"line":24,"column":21},"end":{"line":24,"column":50}},"10":{"start":{"line":25,"column":6},"end":{"line":25,"column":null}},"11":{"start":{"line":26,"column":6},"end":{"line":26,"column":26}},"12":{"start":{"line":27,"column":6},"end":{"line":27,"column":63}},"13":{"start":{"line":29,"column":6},"end":{"line":29,"column":55}},"14":{"start":{"line":32,"column":19},"end":{"line":39,"column":3}},"15":{"start":{"line":33,"column":19},"end":{"line":35,"column":6}},"16":{"start":{"line":38,"column":4},"end":{"line":38,"column":21}},"17":{"start":{"line":40,"column":22},"end":{"line":46,"column":3}},"18":{"start":{"line":44,"column":6},"end":{"line":44,"column":40}},"19":{"start":{"line":45,"column":6},"end":{"line":45,"column":56}},"20":{"start":{"line":47,"column":22},"end":{"line":52,"column":3}},"21":{"start":{"line":49,"column":6},"end":{"line":49,"column":33}},"22":{"start":{"line":50,"column":6},"end":{"line":50,"column":54}},"23":{"start":{"line":5,"column":0},"end":{"line":5,"column":13}}},"fnMap":{"0":{"name":"(anonymous_1)","decl":{"start":{"line":6,"column":18},"end":{"line":6,"column":23}},"loc":{"start":{"line":6,"column":56},"end":{"line":21,"column":3}}},"1":{"name":"(anonymous_2)","decl":{"start":{"line":22,"column":18},"end":{"line":22,"column":23}},"loc":{"start":{"line":22,"column":56},"end":{"line":31,"column":3}}},"2":{"name":"(anonymous_3)","decl":{"start":{"line":32,"column":19},"end":{"line":32,"column":24}},"loc":{"start":{"line":32,"column":57},"end":{"line":39,"column":3}}},"3":{"name":"(anonymous_4)","decl":{"start":{"line":40,"column":22},"end":{"line":40,"column":27}},"loc":{"start":{"line":40,"column":60},"end":{"line":46,"column":3}}},"4":{"name":"(anonymous_5)","decl":{"start":{"line":47,"column":22},"end":{"line":47,"column":27}},"loc":{"start":{"line":47,"column":60},"end":{"line":52,"column":3}}}},"branchMap":{},"s":{"0":2,"1":2,"2":2,"3":5,"4":5,"5":4,"6":1,"7":2,"8":3,"9":3,"10":2,"11":2,"12":2,"13":1,"14":2,"15":4,"16":4,"17":2,"18":2,"19":2,"20":2,"21":2,"22":2,"23":2},"f":{"0":5,"1":3,"2":4,"3":2,"4":2},"b":{}}
,"C:\\Desarrollo web\\Master NextJs\\Cashtrack\\backend\\src\\controllers\\ExpenseControllers.ts": {"path":"C:\\Desarrollo web\\Master NextJs\\Cashtrack\\backend\\src\\controllers\\ExpenseControllers.ts","statementMap":{"0":{"start":{"line":2,"column":0},"end":{"line":2,"column":39}},"1":{"start":{"line":5,"column":20},"end":{"line":7,"column":5}},"2":{"start":{"line":9,"column":20},"end":{"line":22,"column":5}},"3":{"start":{"line":10,"column":5},"end":{"line":21,"column":6}},"4":{"start":{"line":12,"column":24},"end":{"line":12,"column":54}},"5":{"start":{"line":13,"column":8},"end":{"line":13,"column":null}},"6":{"start":{"line":14,"column":8},"end":{"line":14,"column":null}},"7":{"start":{"line":16,"column":8},"end":{"line":16,"column":null}},"8":{"start":{"line":20,"column":8},"end":{"line":20,"column":null}},"9":{"start":{"line":24,"column":21},"end":{"line":26,"column":5}},"10":{"start":{"line":25,"column":8},"end":{"line":25,"column":null}},"11":{"start":{"line":28,"column":24},"end":{"line":31,"column":5}},"12":{"start":{"line":29,"column":8},"end":{"line":29,"column":null}},"13":{"start":{"line":30,"column":8},"end":{"line":30,"column":null}},"14":{"start":{"line":33,"column":24},"end":{"line":36,"column":5}},"15":{"start":{"line":34,"column":12},"end":{"line":34,"column":null}},"16":{"start":{"line":35,"column":12},"end":{"line":35,"column":null}},"17":{"start":{"line":4,"column":0},"end":{"line":4,"column":13}}},"fnMap":{"0":{"name":"(anonymous_1)","decl":{"start":{"line":5,"column":20},"end":{"line":5,"column":25}},"loc":{"start":{"line":5,"column":58},"end":{"line":7,"column":5}}},"1":{"name":"(anonymous_2)","decl":{"start":{"line":9,"column":20},"end":{"line":9,"column":25}},"loc":{"start":{"line":9,"column":58},"end":{"line":22,"column":5}}},"2":{"name":"(anonymous_3)","decl":{"start":{"line":24,"column":21},"end":{"line":24,"column":26}},"loc":{"start":{"line":24,"column":59},"end":{"line":26,"column":5}}},"3":{"name":"(anonymous_4)","decl":{"start":{"line":28,"column":24},"end":{"line":28,"column":29}},"loc":{"start":{"line":28,"column":62},"end":{"line":31,"column":5}}},"4":{"name":"(anonymous_5)","decl":{"start":{"line":33,"column":24},"end":{"line":33,"column":29}},"loc":{"start":{"line":33,"column":62},"end":{"line":36,"column":5}}}},"branchMap":{},"s":{"0":2,"1":2,"2":2,"3":2,"4":2,"5":1,"6":1,"7":1,"8":1,"9":2,"10":1,"11":2,"12":1,"13":1,"14":2,"15":1,"16":1,"17":2},"f":{"0":0,"1":2,"2":1,"3":1,"4":1},"b":{}}
,"C:\\Desarrollo web\\Master NextJs\\Cashtrack\\backend\\src\\email\\AuthEmail.ts": {"path":"C:\\Desarrollo web\\Master NextJs\\Cashtrack\\backend\\src\\email\\AuthEmail.ts","statementMap":{"0":{"start":{"line":1,"column":0},"end":{"line":1,"column":48}},"1":{"start":{"line":11,"column":35},"end":{"line":25,"column":5}},"2":{"start":{"line":12,"column":21},"end":{"line":22,"column":9}},"3":{"start":{"line":24,"column":7},"end":{"line":24,"column":null}},"4":{"start":{"line":27,"column":36},"end":{"line":41,"column":6}},"5":{"start":{"line":28,"column":22},"end":{"line":38,"column":10}},"6":{"start":{"line":40,"column":8},"end":{"line":40,"column":null}},"7":{"start":{"line":10,"column":0},"end":{"line":10,"column":13}}},"fnMap":{"0":{"name":"(anonymous_0)","decl":{"start":{"line":11,"column":35},"end":{"line":11,"column":40}},"loc":{"start":{"line":11,"column":61},"end":{"line":25,"column":5}}},"1":{"name":"(anonymous_1)","decl":{"start":{"line":27,"column":36},"end":{"line":27,"column":41}},"loc":{"start":{"line":27,"column":62},"end":{"line":41,"column":6}}}},"branchMap":{},"s":{"0":2,"1":2,"2":1,"3":1,"4":2,"5":0,"6":0,"7":2},"f":{"0":1,"1":0},"b":{}}
,"C:\\Desarrollo web\\Master NextJs\\Cashtrack\\backend\\src\\middleware\\auth.ts": {"path":"C:\\Desarrollo web\\Master NextJs\\Cashtrack\\backend\\src\\middleware\\auth.ts","statementMap":{"0":{"start":{"line":2,"column":0},"end":{"line":2,"column":30}},"1":{"start":{"line":3,"column":0},"end":{"line":3,"column":34}},"2":{"start":{"line":13,"column":28},"end":{"line":48,"column":1}},"3":{"start":{"line":14,"column":19},"end":{"line":14,"column":44}},"4":{"start":{"line":16,"column":2},"end":{"line":21,"column":3}},"5":{"start":{"line":17,"column":18},"end":{"line":17,"column":44}},"6":{"start":{"line":19,"column":4},"end":{"line":19,"column":null}},"7":{"start":{"line":20,"column":4},"end":{"line":20,"column":10}},"8":{"start":{"line":23,"column":20},"end":{"line":23,"column":37}},"9":{"start":{"line":25,"column":2},"end":{"line":30,"column":3}},"10":{"start":{"line":26,"column":18},"end":{"line":26,"column":46}},"11":{"start":{"line":28,"column":4},"end":{"line":28,"column":null}},"12":{"start":{"line":29,"column":4},"end":{"line":29,"column":10}},"13":{"start":{"line":32,"column":2},"end":{"line":46,"column":3}},"14":{"start":{"line":34,"column":20},"end":{"line":34,"column":61}},"15":{"start":{"line":35,"column":4},"end":{"line":42,"column":5}},"16":{"start":{"line":37,"column":6},"end":{"line":39,"column":null}},"17":{"start":{"line":40,"column":6},"end":{"line":40,"column":null}},"18":{"start":{"line":45,"column":6},"end":{"line":45,"column":null}},"19":{"start":{"line":13,"column":13},"end":{"line":13,"column":28}}},"fnMap":{"0":{"name":"(anonymous_1)","decl":{"start":{"line":13,"column":28},"end":{"line":13,"column":33}},"loc":{"start":{"line":13,"column":85},"end":{"line":48,"column":1}}}},"branchMap":{"0":{"loc":{"start":{"line":16,"column":2},"end":{"line":21,"column":3}},"type":"if","locations":[{"start":{"line":16,"column":2},"end":{"line":21,"column":3}}]},"1":{"loc":{"start":{"line":25,"column":2},"end":{"line":30,"column":3}},"type":"if","locations":[{"start":{"line":25,"column":2},"end":{"line":30,"column":3}}]},"2":{"loc":{"start":{"line":35,"column":4},"end":{"line":42,"column":5}},"type":"if","locations":[{"start":{"line":35,"column":4},"end":{"line":42,"column":5}}]},"3":{"loc":{"start":{"line":35,"column":7},"end":{"line":35,"column":48}},"type":"binary-expr","locations":[{"start":{"line":35,"column":7},"end":{"line":35,"column":34}},{"start":{"line":35,"column":38},"end":{"line":35,"column":48}}]}},"s":{"0":1,"1":1,"2":1,"3":16,"4":16,"5":5,"6":5,"7":5,"8":11,"9":11,"10":0,"11":0,"12":0,"13":11,"14":11,"15":10,"16":10,"17":10,"18":1,"19":1},"f":{"0":16},"b":{"0":[5],"1":[0],"2":[10],"3":[10,10]}}
,"C:\\Desarrollo web\\Master NextJs\\Cashtrack\\backend\\src\\middleware\\budget.ts": {"path":"C:\\Desarrollo web\\Master NextJs\\Cashtrack\\backend\\src\\middleware\\budget.ts","statementMap":{"0":{"start":{"line":80,"column":2},"end":{"line":80,"column":18}},"1":{"start":{"line":2,"column":0},"end":{"line":2,"column":66}},"2":{"start":{"line":3,"column":0},"end":{"line":3,"column":38}},"3":{"start":{"line":13,"column":32},"end":{"line":31,"column":1}},"4":{"start":{"line":18,"column":2},"end":{"line":23,"column":14}},"5":{"start":{"line":21,"column":23},"end":{"line":21,"column":32}},"6":{"start":{"line":25,"column":15},"end":{"line":25,"column":36}},"7":{"start":{"line":26,"column":2},"end":{"line":29,"column":3}},"8":{"start":{"line":27,"column":4},"end":{"line":27,"column":53}},"9":{"start":{"line":28,"column":4},"end":{"line":28,"column":11}},"10":{"start":{"line":30,"column":2},"end":{"line":30,"column":9}},"11":{"start":{"line":13,"column":13},"end":{"line":13,"column":32}},"12":{"start":{"line":33,"column":36},"end":{"line":55,"column":1}},"13":{"start":{"line":38,"column":2},"end":{"line":54,"column":3}},"14":{"start":{"line":39,"column":25},"end":{"line":39,"column":35}},"15":{"start":{"line":41,"column":19},"end":{"line":41,"column":50}},"16":{"start":{"line":43,"column":4},"end":{"line":47,"column":5}},"17":{"start":{"line":44,"column":20},"end":{"line":44,"column":58}},"18":{"start":{"line":45,"column":6},"end":{"line":45,"column":53}},"19":{"start":{"line":46,"column":6},"end":{"line":46,"column":13}},"20":{"start":{"line":49,"column":4},"end":{"line":49,"column":24}},"21":{"start":{"line":51,"column":4},"end":{"line":51,"column":11}},"22":{"start":{"line":53,"column":4},"end":{"line":53,"column":53}},"23":{"start":{"line":33,"column":13},"end":{"line":33,"column":36}},"24":{"start":{"line":58,"column":35},"end":{"line":77,"column":3}},"25":{"start":{"line":64,"column":3},"end":{"line":66,"column":null}},"26":{"start":{"line":67,"column":3},"end":{"line":73,"column":null}},"27":{"start":{"line":72,"column":27},"end":{"line":72,"column":36}},"28":{"start":{"line":75,"column":4},"end":{"line":75,"column":null}},"29":{"start":{"line":58,"column":13},"end":{"line":58,"column":35}},"30":{"start":{"line":81,"column":4},"end":{"line":86,"column":5}},"31":{"start":{"line":82,"column":20},"end":{"line":82,"column":49}},"32":{"start":{"line":84,"column":6},"end":{"line":84,"column":null}},"33":{"start":{"line":85,"column":6},"end":{"line":85,"column":12}},"34":{"start":{"line":87,"column":4},"end":{"line":87,"column":null}}},"fnMap":{"0":{"name":"(anonymous_1)","decl":{"start":{"line":13,"column":32},"end":{"line":13,"column":37}},"loc":{"start":{"line":17,"column":4},"end":{"line":31,"column":1}}},"1":{"name":"(anonymous_2)","decl":{"start":{"line":21,"column":12},"end":{"line":21,"column":13}},"loc":{"start":{"line":21,"column":23},"end":{"line":21,"column":32}}},"2":{"name":"(anonymous_3)","decl":{"start":{"line":33,"column":36},"end":{"line":33,"column":41}},"loc":{"start":{"line":37,"column":4},"end":{"line":55,"column":1}}},"3":{"name":"(anonymous_4)","decl":{"start":{"line":58,"column":35},"end":{"line":58,"column":40}},"loc":{"start":{"line":62,"column":6},"end":{"line":77,"column":3}}},"4":{"name":"(anonymous_5)","decl":{"start":{"line":72,"column":16},"end":{"line":72,"column":17}},"loc":{"start":{"line":72,"column":27},"end":{"line":72,"column":36}}},"5":{"name":"hasAccess","decl":{"start":{"line":80,"column":18},"end":{"line":80,"column":27}},"loc":{"start":{"line":80,"column":75},"end":{"line":88,"column":3}}}},"branchMap":{"0":{"loc":{"start":{"line":26,"column":2},"end":{"line":29,"column":3}},"type":"if","locations":[{"start":{"line":26,"column":2},"end":{"line":29,"column":3}}]},"1":{"loc":{"start":{"line":43,"column":4},"end":{"line":47,"column":5}},"type":"if","locations":[{"start":{"line":43,"column":4},"end":{"line":47,"column":5}}]},"2":{"loc":{"start":{"line":81,"column":4},"end":{"line":86,"column":5}},"type":"if","locations":[{"start":{"line":81,"column":4},"end":{"line":86,"column":5}}]}},"s":{"0":3,"1":3,"2":3,"3":3,"4":11,"5":10,"6":11,"7":11,"8":1,"9":1,"10":10,"11":3,"12":3,"13":13,"14":13,"15":13,"16":12,"17":3,"18":3,"19":3,"20":9,"21":9,"22":1,"23":3,"24":3,"25":4,"26":4,"27":4,"28":4,"29":3,"30":7,"31":2,"32":2,"33":2,"34":5},"f":{"0":11,"1":10,"2":13,"3":4,"4":4,"5":7},"b":{"0":[1],"1":[3],"2":[2]}}
,"C:\\Desarrollo web\\Master NextJs\\Cashtrack\\backend\\src\\middleware\\expense.ts": {"path":"C:\\Desarrollo web\\Master NextJs\\Cashtrack\\backend\\src\\middleware\\expense.ts","statementMap":{"0":{"start":{"line":2,"column":0},"end":{"line":2,"column":66}},"1":{"start":{"line":3,"column":0},"end":{"line":3,"column":40}},"2":{"start":{"line":13,"column":36},"end":{"line":32,"column":1}},"3":{"start":{"line":18,"column":2},"end":{"line":21,"column":14}},"4":{"start":{"line":22,"column":2},"end":{"line":29,"column":14}},"5":{"start":{"line":27,"column":23},"end":{"line":27,"column":32}},"6":{"start":{"line":31,"column":2},"end":{"line":31,"column":9}},"7":{"start":{"line":13,"column":13},"end":{"line":13,"column":36}},"8":{"start":{"line":34,"column":33},"end":{"line":52,"column":1}},"9":{"start":{"line":39,"column":2},"end":{"line":43,"column":14}},"10":{"start":{"line":41,"column":23},"end":{"line":41,"column":32}},"11":{"start":{"line":45,"column":15},"end":{"line":45,"column":36}},"12":{"start":{"line":46,"column":2},"end":{"line":49,"column":3}},"13":{"start":{"line":47,"column":4},"end":{"line":47,"column":53}},"14":{"start":{"line":48,"column":4},"end":{"line":48,"column":11}},"15":{"start":{"line":51,"column":2},"end":{"line":51,"column":9}},"16":{"start":{"line":34,"column":13},"end":{"line":34,"column":33}},"17":{"start":{"line":54,"column":37},"end":{"line":76,"column":1}},"18":{"start":{"line":59,"column":2},"end":{"line":75,"column":3}},"19":{"start":{"line":60,"column":26},"end":{"line":60,"column":36}},"20":{"start":{"line":62,"column":20},"end":{"line":62,"column":53}},"21":{"start":{"line":64,"column":4},"end":{"line":68,"column":5}},"22":{"start":{"line":65,"column":20},"end":{"line":65,"column":52}},"23":{"start":{"line":66,"column":6},"end":{"line":66,"column":53}},"24":{"start":{"line":67,"column":6},"end":{"line":67,"column":13}},"25":{"start":{"line":70,"column":4},"end":{"line":70,"column":26}},"26":{"start":{"line":72,"column":4},"end":{"line":72,"column":11}},"27":{"start":{"line":74,"column":4},"end":{"line":74,"column":53}},"28":{"start":{"line":54,"column":13},"end":{"line":54,"column":37}}},"fnMap":{"0":{"name":"(anonymous_1)","decl":{"start":{"line":13,"column":36},"end":{"line":13,"column":41}},"loc":{"start":{"line":17,"column":4},"end":{"line":32,"column":1}}},"1":{"name":"(anonymous_2)","decl":{"start":{"line":27,"column":12},"end":{"line":27,"column":13}},"loc":{"start":{"line":27,"column":23},"end":{"line":27,"column":32}}},"2":{"name":"(anonymous_3)","decl":{"start":{"line":34,"column":33},"end":{"line":34,"column":38}},"loc":{"start":{"line":38,"column":4},"end":{"line":52,"column":1}}},"3":{"name":"(anonymous_4)","decl":{"start":{"line":41,"column":12},"end":{"line":41,"column":13}},"loc":{"start":{"line":41,"column":23},"end":{"line":41,"column":32}}},"4":{"name":"(anonymous_5)","decl":{"start":{"line":54,"column":37},"end":{"line":54,"column":42}},"loc":{"start":{"line":58,"column":4},"end":{"line":76,"column":1}}}},"branchMap":{"0":{"loc":{"start":{"line":46,"column":2},"end":{"line":49,"column":3}},"type":"if","locations":[{"start":{"line":46,"column":2},"end":{"line":49,"column":3}}]},"1":{"loc":{"start":{"line":64,"column":4},"end":{"line":68,"column":5}},"type":"if","locations":[{"start":{"line":64,"column":4},"end":{"line":68,"column":5}}]}},"s":{"0":2,"1":2,"2":2,"3":0,"4":0,"5":0,"6":0,"7":2,"8":2,"9":0,"10":0,"11":0,"12":0,"13":0,"14":0,"15":0,"16":2,"17":2,"18":3,"19":3,"20":3,"21":2,"22":1,"23":1,"24":1,"25":1,"26":1,"27":1,"28":2},"f":{"0":0,"1":0,"2":0,"3":0,"4":3},"b":{"0":[0],"1":[1]}}
,"C:\\Desarrollo web\\Master NextJs\\Cashtrack\\backend\\src\\middleware\\validation.ts": {"path":"C:\\Desarrollo web\\Master NextJs\\Cashtrack\\backend\\src\\middleware\\validation.ts","statementMap":{"0":{"start":{"line":2,"column":0},"end":{"line":2,"column":52}},"1":{"start":{"line":4,"column":33},"end":{"line":11,"column":1}},"2":{"start":{"line":5,"column":17},"end":{"line":5,"column":38}},"3":{"start":{"line":6,"column":4},"end":{"line":9,"column":5}},"4":{"start":{"line":7,"column":8},"end":{"line":7,"column":null}},"5":{"start":{"line":8,"column":8},"end":{"line":8,"column":14}},"6":{"start":{"line":10,"column":4},"end":{"line":10,"column":null}},"7":{"start":{"line":4,"column":13},"end":{"line":4,"column":33}}},"fnMap":{"0":{"name":"(anonymous_0)","decl":{"start":{"line":4,"column":33},"end":{"line":4,"column":34}},"loc":{"start":{"line":4,"column":85},"end":{"line":11,"column":1}}}},"branchMap":{"0":{"loc":{"start":{"line":6,"column":4},"end":{"line":9,"column":5}},"type":"if","locations":[{"start":{"line":6,"column":4},"end":{"line":9,"column":5}}]}},"s":{"0":1,"1":1,"2":25,"3":25,"4":9,"5":9,"6":16,"7":1},"f":{"0":25},"b":{"0":[9]}}
,"C:\\Desarrollo web\\Master NextJs\\Cashtrack\\backend\\src\\models\\Expense.ts": {"path":"C:\\Desarrollo web\\Master NextJs\\Cashtrack\\backend\\src\\models\\Expense.ts","statementMap":{"0":{"start":{"line":1,"column":0},"end":{"line":1,"column":104}},"1":{"start":{"line":2,"column":0},"end":{"line":2,"column":30}},"2":{"start":{"line":8,"column":0},"end":{"line":26,"column":null}},"3":{"start":{"line":13,"column":12},"end":{"line":13,"column":null}},"4":{"start":{"line":19,"column":12},"end":{"line":19,"column":null}},"5":{"start":{"line":22,"column":12},"end":{"line":22,"column":null}},"6":{"start":{"line":21,"column":22},"end":{"line":21,"column":28}},"7":{"start":{"line":25,"column":13},"end":{"line":25,"column":null}},"8":{"start":{"line":24,"column":22},"end":{"line":24,"column":28}},"9":{"start":{"line":8,"column":6},"end":{"line":26,"column":null}},"10":{"start":{"line":28,"column":0},"end":{"line":28,"column":null}}},"fnMap":{"0":{"name":"(anonymous_3)","decl":{"start":{"line":21,"column":16},"end":{"line":21,"column":19}},"loc":{"start":{"line":21,"column":22},"end":{"line":21,"column":28}}},"1":{"name":"(anonymous_4)","decl":{"start":{"line":24,"column":16},"end":{"line":24,"column":19}},"loc":{"start":{"line":24,"column":22},"end":{"line":24,"column":28}}}},"branchMap":{},"s":{"0":3,"1":3,"2":3,"3":3,"4":3,"5":3,"6":2,"7":3,"8":2,"9":3,"10":3},"f":{"0":2,"1":2},"b":{}}
,"C:\\Desarrollo web\\Master NextJs\\Cashtrack\\backend\\src\\models\\Users.ts": {"path":"C:\\Desarrollo web\\Master NextJs\\Cashtrack\\backend\\src\\models\\Users.ts","statementMap":{"0":{"start":{"line":1,"column":0},"end":{"line":1,"column":107}},"1":{"start":{"line":2,"column":0},"end":{"line":2,"column":30}},"2":{"start":{"line":8,"column":0},"end":{"line":47,"column":null}},"3":{"start":{"line":14,"column":12},"end":{"line":14,"column":null}},"4":{"start":{"line":21,"column":12},"end":{"line":21,"column":null}},"5":{"start":{"line":28,"column":12},"end":{"line":28,"column":null}},"6":{"start":{"line":33,"column":12},"end":{"line":33,"column":null}},"7":{"start":{"line":40,"column":12},"end":{"line":40,"column":null}},"8":{"start":{"line":46,"column":12},"end":{"line":46,"column":null}},"9":{"start":{"line":42,"column":18},"end":{"line":42,"column":24}},"10":{"start":{"line":8,"column":6},"end":{"line":47,"column":null}},"11":{"start":{"line":49,"column":0},"end":{"line":49,"column":null}}},"fnMap":{"0":{"name":"(anonymous_3)","decl":{"start":{"line":42,"column":13},"end":{"line":42,"column":15}},"loc":{"start":{"line":42,"column":18},"end":{"line":42,"column":24}}}},"branchMap":{},"s":{"0":3,"1":3,"2":3,"3":3,"4":3,"5":3,"6":3,"7":3,"8":3,"9":2,"10":3,"11":3},"f":{"0":2},"b":{}}
,"C:\\Desarrollo web\\Master NextJs\\Cashtrack\\backend\\src\\models\\budget.ts": {"path":"C:\\Desarrollo web\\Master NextJs\\Cashtrack\\backend\\src\\models\\budget.ts","statementMap":{"0":{"start":{"line":1,"column":0},"end":{"line":1,"column":113}},"1":{"start":{"line":2,"column":0},"end":{"line":2,"column":32}},"2":{"start":{"line":3,"column":0},"end":{"line":3,"column":27}},"3":{"start":{"line":9,"column":0},"end":{"line":33,"column":null}},"4":{"start":{"line":14,"column":12},"end":{"line":14,"column":null}},"5":{"start":{"line":20,"column":12},"end":{"line":20,"column":null}},"6":{"start":{"line":26,"column":12},"end":{"line":26,"column":null}},"7":{"start":{"line":22,"column":19},"end":{"line":22,"column":26}},"8":{"start":{"line":29,"column":12},"end":{"line":29,"column":null}},"9":{"start":{"line":28,"column":22},"end":{"line":28,"column":26}},"10":{"start":{"line":32,"column":12},"end":{"line":32,"column":null}},"11":{"start":{"line":31,"column":20},"end":{"line":31,"column":24}},"12":{"start":{"line":9,"column":6},"end":{"line":33,"column":null}},"13":{"start":{"line":35,"column":0},"end":{"line":35,"column":null}}},"fnMap":{"0":{"name":"(anonymous_3)","decl":{"start":{"line":22,"column":13},"end":{"line":22,"column":16}},"loc":{"start":{"line":22,"column":19},"end":{"line":22,"column":26}}},"1":{"name":"(anonymous_4)","decl":{"start":{"line":28,"column":16},"end":{"line":28,"column":19}},"loc":{"start":{"line":28,"column":22},"end":{"line":28,"column":26}}},"2":{"name":"(anonymous_5)","decl":{"start":{"line":31,"column":15},"end":{"line":31,"column":17}},"loc":{"start":{"line":31,"column":20},"end":{"line":31,"column":24}}}},"branchMap":{},"s":{"0":3,"1":3,"2":3,"3":3,"4":3,"5":3,"6":3,"7":3,"8":3,"9":2,"10":3,"11":3,"12":3,"13":3},"f":{"0":3,"1":2,"2":3},"b":{}}
,"C:\\Desarrollo web\\Master NextJs\\Cashtrack\\backend\\src\\routes\\authRouter.ts": {"path":"C:\\Desarrollo web\\Master NextJs\\Cashtrack\\backend\\src\\routes\\authRouter.ts","statementMap":{"0":{"start":{"line":1,"column":0},"end":{"line":1,"column":33}},"1":{"start":{"line":2,"column":0},"end":{"line":2,"column":48}},"2":{"start":{"line":3,"column":0},"end":{"line":3,"column":63}},"3":{"start":{"line":4,"column":0},"end":{"line":4,"column":61}},"4":{"start":{"line":5,"column":0},"end":{"line":5,"column":44}},"5":{"start":{"line":6,"column":0},"end":{"line":6,"column":50}},"6":{"start":{"line":8,"column":15},"end":{"line":8,"column":23}},"7":{"start":{"line":10,"column":0},"end":{"line":10,"column":20}},"8":{"start":{"line":12,"column":0},"end":{"line":21,"column":2}},"9":{"start":{"line":23,"column":0},"end":{"line":31,"column":2}},"10":{"start":{"line":33,"column":0},"end":{"line":39,"column":2}},"11":{"start":{"line":41,"column":0},"end":{"line":46,"column":2}},"12":{"start":{"line":48,"column":0},"end":{"line":56,"column":2}},"13":{"start":{"line":58,"column":0},"end":{"line":68,"column":null}},"14":{"start":{"line":70,"column":0},"end":{"line":70,"column":null}},"15":{"start":{"line":72,"column":0},"end":{"line":82,"column":null}},"16":{"start":{"line":84,"column":0},"end":{"line":91,"column":null}},"17":{"start":{"line":93,"column":0},"end":{"line":93,"column":22}}},"fnMap":{},"branchMap":{},"s":{"0":1,"1":1,"2":1,"3":1,"4":1,"5":1,"6":1,"7":1,"8":1,"9":1,"10":1,"11":1,"12":1,"13":1,"14":1,"15":1,"16":1,"17":1},"f":{},"b":{}}
,"C:\\Desarrollo web\\Master NextJs\\Cashtrack\\backend\\src\\routes\\budgetRouter.ts": {"path":"C:\\Desarrollo web\\Master NextJs\\Cashtrack\\backend\\src\\routes\\budgetRouter.ts","statementMap":{"0":{"start":{"line":1,"column":0},"end":{"line":1,"column":33}},"1":{"start":{"line":3,"column":0},"end":{"line":3,"column":67}},"2":{"start":{"line":4,"column":0},"end":{"line":4,"column":61}},"3":{"start":{"line":5,"column":0},"end":{"line":5,"column":null}},"4":{"start":{"line":11,"column":0},"end":{"line":11,"column":71}},"5":{"start":{"line":12,"column":0},"end":{"line":12,"column":null}},"6":{"start":{"line":17,"column":0},"end":{"line":17,"column":50}},"7":{"start":{"line":19,"column":15},"end":{"line":19,"column":23}},"8":{"start":{"line":21,"column":0},"end":{"line":21,"column":25}},"9":{"start":{"line":23,"column":0},"end":{"line":23,"column":43}},"10":{"start":{"line":24,"column":0},"end":{"line":24,"column":47}},"11":{"start":{"line":25,"column":0},"end":{"line":25,"column":null}},"12":{"start":{"line":27,"column":0},"end":{"line":27,"column":45}},"13":{"start":{"line":28,"column":0},"end":{"line":28,"column":49}},"14":{"start":{"line":30,"column":0},"end":{"line":30,"column":41}},"15":{"start":{"line":32,"column":0},"end":{"line":37,"column":2}},"16":{"start":{"line":39,"column":0},"end":{"line":44,"column":2}},"17":{"start":{"line":46,"column":0},"end":{"line":53,"column":2}},"18":{"start":{"line":55,"column":0},"end":{"line":60,"column":2}},"19":{"start":{"line":64,"column":0},"end":{"line":64,"column":61}},"20":{"start":{"line":65,"column":0},"end":{"line":70,"column":2}},"21":{"start":{"line":71,"column":0},"end":{"line":71,"column":73}},"22":{"start":{"line":73,"column":0},"end":{"line":78,"column":2}},"23":{"start":{"line":79,"column":0},"end":{"line":79,"column":79}},"24":{"start":{"line":81,"column":0},"end":{"line":81,"column":22}}},"fnMap":{},"branchMap":{},"s":{"0":1,"1":1,"2":1,"3":1,"4":1,"5":1,"6":1,"7":1,"8":1,"9":1,"10":1,"11":1,"12":1,"13":1,"14":1,"15":1,"16":1,"17":1,"18":1,"19":1,"20":1,"21":1,"22":1,"23":1,"24":1},"f":{},"b":{}}
,"C:\\Desarrollo web\\Master NextJs\\Cashtrack\\backend\\src\\tests\\mocks\\budgets.ts": {"path":"C:\\Desarrollo web\\Master NextJs\\Cashtrack\\backend\\src\\tests\\mocks\\budgets.ts","statementMap":{"0":{"start":{"line":1,"column":13},"end":{"line":71,"column":2}}},"fnMap":{},"branchMap":{},"s":{"0":3},"f":{},"b":{}}
,"C:\\Desarrollo web\\Master NextJs\\Cashtrack\\backend\\src\\tests\\mocks\\expenses.ts": {"path":"C:\\Desarrollo web\\Master NextJs\\Cashtrack\\backend\\src\\tests\\mocks\\expenses.ts","statementMap":{"0":{"start":{"line":1,"column":13},"end":{"line":26,"column":null}}},"fnMap":{},"branchMap":{},"s":{"0":2},"f":{},"b":{}}
,"C:\\Desarrollo web\\Master NextJs\\Cashtrack\\backend\\src\\util\\auth.ts": {"path":"C:\\Desarrollo web\\Master NextJs\\Cashtrack\\backend\\src\\util\\auth.ts","statementMap":{"0":{"start":{"line":1,"column":0},"end":{"line":1,"column":27}},"1":{"start":{"line":3,"column":28},"end":{"line":6,"column":1}},"2":{"start":{"line":4,"column":17},"end":{"line":4,"column":41}},"3":{"start":{"line":5,"column":4},"end":{"line":5,"column":null}},"4":{"start":{"line":3,"column":13},"end":{"line":3,"column":28}},"5":{"start":{"line":8,"column":29},"end":{"line":10,"column":1}},"6":{"start":{"line":9,"column":4},"end":{"line":9,"column":null}},"7":{"start":{"line":8,"column":13},"end":{"line":8,"column":29}}},"fnMap":{"0":{"name":"(anonymous_1)","decl":{"start":{"line":3,"column":28},"end":{"line":3,"column":33}},"loc":{"start":{"line":3,"column":55},"end":{"line":6,"column":1}}},"1":{"name":"(anonymous_2)","decl":{"start":{"line":8,"column":29},"end":{"line":8,"column":34}},"loc":{"start":{"line":8,"column":70},"end":{"line":10,"column":1}}}},"branchMap":{},"s":{"0":2,"1":2,"2":1,"3":1,"4":2,"5":2,"6":5,"7":2},"f":{"0":1,"1":5},"b":{}}
,"C:\\Desarrollo web\\Master NextJs\\Cashtrack\\backend\\src\\util\\jws.ts": {"path":"C:\\Desarrollo web\\Master NextJs\\Cashtrack\\backend\\src\\util\\jws.ts","statementMap":{"0":{"start":{"line":1,"column":0},"end":{"line":1,"column":30}},"1":{"start":{"line":3,"column":27},"end":{"line":9,"column":1}},"2":{"start":{"line":4,"column":17},"end":{"line":6,"column":5}},"3":{"start":{"line":8,"column":3},"end":{"line":8,"column":null}},"4":{"start":{"line":3,"column":13},"end":{"line":3,"column":27}}},"fnMap":{"0":{"name":"(anonymous_1)","decl":{"start":{"line":3,"column":27},"end":{"line":3,"column":28}},"loc":{"start":{"line":3,"column":42},"end":{"line":9,"column":1}}}},"branchMap":{},"s":{"0":2,"1":2,"2":5,"3":5,"4":2},"f":{"0":5},"b":{}}
,"C:\\Desarrollo web\\Master NextJs\\Cashtrack\\backend\\src\\util\\token.ts": {"path":"C:\\Desarrollo web\\Master NextJs\\Cashtrack\\backend\\src\\util\\token.ts","statementMap":{"0":{"start":{"line":1,"column":29},"end":{"line":1,"column":89}},"1":{"start":{"line":1,"column":35},"end":{"line":1,"column":89}},"2":{"start":{"line":1,"column":13},"end":{"line":1,"column":29}}},"fnMap":{"0":{"name":"(anonymous_0)","decl":{"start":{"line":1,"column":29},"end":{"line":1,"column":32}},"loc":{"start":{"line":1,"column":35},"end":{"line":1,"column":89}}}},"branchMap":{},"s":{"0":2,"1":1,"2":2},"f":{"0":1},"b":{}}
}
