TN:
SF:src\server.ts
FN:9,connectDB
FN:33,(anonymous_2)
FNF:2
FNH:1
FNDA:1,connectDB
FNDA:0,(anonymous_2)
DA:1,1
DA:2,1
DA:3,1
DA:4,1
DA:5,1
DA:6,1
DA:9,1
DA:10,1
DA:11,1
DA:12,1
DA:13,1
DA:16,0
DA:20,1
DA:22,1
DA:24,1
DA:26,1
DA:30,1
DA:31,1
DA:33,1
DA:34,0
DA:38,1
LF:21
LH:19
BRF:0
BRH:0
end_of_record
TN:
SF:src\config\db.ts
FNF:0
FNH:0
DA:1,1
DA:2,1
DA:4,1
DA:6,1
LF:4
LH:4
BRF:0
BRH:0
end_of_record
TN:
SF:src\config\limiter.ts
FNF:0
FNH:0
DA:1,1
DA:3,1
LF:2
LH:2
BRDA:5,0,0,0
BRDA:5,0,1,1
BRF:2
BRH:1
end_of_record
TN:
SF:src\config\nodemailer.ts
FN:6,(anonymous_1)
FNF:1
FNH:1
FNDA:2,(anonymous_1)
DA:1,2
DA:2,2
DA:3,2
DA:6,2
DA:7,2
DA:17,2
LF:6
LH:6
BRF:0
BRH:0
end_of_record
TN:
SF:src\controllers\AuthController.ts
FN:9,(anonymous_1)
FN:47,(anonymous_2)
FN:64,(anonymous_3)
FN:94,(anonymous_4)
FN:118,(anonymous_5)
FN:132,(anonymous_6)
FN:154,(anonymous_7)
FN:158,(anonymous_8)
FN:181,(anonymous_9)
FNF:9
FNH:3
FNDA:4,(anonymous_1)
FNDA:2,(anonymous_2)
FNDA:14,(anonymous_3)
FNDA:0,(anonymous_4)
FNDA:0,(anonymous_5)
FNDA:0,(anonymous_6)
FNDA:0,(anonymous_7)
FNDA:0,(anonymous_8)
FNDA:0,(anonymous_9)
DA:2,2
DA:3,2
DA:4,2
DA:5,2
DA:6,2
DA:8,2
DA:9,2
DA:10,4
DA:14,4
DA:16,4
DA:17,2
DA:18,2
DA:19,2
DA:21,2
DA:22,2
DA:24,2
DA:25,2
DA:27,2
DA:28,2
DA:31,2
DA:32,2
DA:34,2
DA:40,2
DA:43,0
DA:47,2
DA:48,2
DA:50,2
DA:52,2
DA:53,1
DA:54,1
DA:55,1
DA:57,1
DA:58,1
DA:60,1
DA:61,1
DA:64,2
DA:65,14
DA:68,14
DA:70,14
DA:71,2
DA:72,2
DA:73,2
DA:76,12
DA:77,3
DA:78,3
DA:79,3
DA:82,9
DA:84,9
DA:85,2
DA:86,2
DA:87,2
DA:90,7
DA:91,7
DA:94,2
DA:95,0
DA:98,0
DA:100,0
DA:101,0
DA:102,0
DA:103,0
DA:106,0
DA:107,0
DA:109,0
DA:115,0
DA:118,2
DA:119,0
DA:121,0
DA:123,0
DA:124,0
DA:125,0
DA:126,0
DA:129,0
DA:132,2
DA:133,0
DA:134,0
DA:136,0
DA:138,0
DA:139,0
DA:140,0
DA:141,0
DA:146,0
DA:147,0
DA:149,0
DA:151,0
DA:154,2
DA:155,0
DA:158,2
DA:159,0
DA:161,0
DA:163,0
DA:165,0
DA:170,0
DA:171,0
DA:172,0
DA:173,0
DA:176,0
DA:177,0
DA:179,0
DA:181,2
DA:182,0
DA:184,0
DA:186,0
DA:188,0
DA:193,0
DA:194,0
DA:195,0
DA:196,0
DA:201,0
LF:108
LH:58
BRDA:16,0,0,2
BRDA:27,1,0,2
BRDA:52,2,0,1
BRDA:70,3,0,2
BRDA:76,4,0,3
BRDA:84,5,0,2
BRDA:100,6,0,0
BRDA:123,7,0,0
BRDA:138,8,0,0
BRDA:170,9,0,0
BRDA:193,10,0,0
BRF:11
BRH:6
end_of_record
TN:
SF:src\controllers\BudgetController.ts
FN:6,(anonymous_1)
FN:22,(anonymous_2)
FN:32,(anonymous_3)
FN:40,(anonymous_4)
FN:47,(anonymous_5)
FNF:5
FNH:5
FNDA:5,(anonymous_1)
FNDA:3,(anonymous_2)
FNDA:4,(anonymous_3)
FNDA:2,(anonymous_4)
FNDA:2,(anonymous_5)
DA:2,2
DA:3,2
DA:5,2
DA:6,2
DA:7,5
DA:8,5
DA:17,4
DA:19,1
DA:22,2
DA:23,3
DA:24,3
DA:25,2
DA:26,2
DA:27,2
DA:29,1
DA:32,2
DA:33,4
DA:38,4
DA:40,2
DA:44,2
DA:45,2
DA:47,2
DA:49,2
DA:50,2
LF:24
LH:24
BRF:0
BRH:0
end_of_record
TN:
SF:src\controllers\ExpenseControllers.ts
FN:5,(anonymous_1)
FN:9,(anonymous_2)
FN:24,(anonymous_3)
FN:28,(anonymous_4)
FN:33,(anonymous_5)
FNF:5
FNH:4
FNDA:0,(anonymous_1)
FNDA:2,(anonymous_2)
FNDA:1,(anonymous_3)
FNDA:1,(anonymous_4)
FNDA:1,(anonymous_5)
DA:2,2
DA:4,2
DA:5,2
DA:9,2
DA:10,2
DA:12,2
DA:13,1
DA:14,1
DA:16,1
DA:20,1
DA:24,2
DA:25,1
DA:28,2
DA:29,1
DA:30,1
DA:33,2
DA:34,1
DA:35,1
LF:18
LH:18
BRF:0
BRH:0
end_of_record
TN:
SF:src\email\AuthEmail.ts
FN:11,(anonymous_0)
FN:27,(anonymous_1)
FNF:2
FNH:1
FNDA:1,(anonymous_0)
FNDA:0,(anonymous_1)
DA:1,2
DA:10,2
DA:11,2
DA:12,1
DA:24,1
DA:27,2
DA:28,0
DA:40,0
LF:8
LH:6
BRF:0
BRH:0
end_of_record
TN:
SF:src\middleware\auth.ts
FN:13,(anonymous_1)
FNF:1
FNH:1
FNDA:16,(anonymous_1)
DA:2,1
DA:3,1
DA:13,1
DA:14,16
DA:16,16
DA:17,5
DA:19,5
DA:20,5
DA:23,11
DA:25,11
DA:26,0
DA:28,0
DA:29,0
DA:32,11
DA:34,11
DA:35,10
DA:37,10
DA:40,10
DA:45,1
LF:19
LH:16
BRDA:16,0,0,5
BRDA:25,1,0,0
BRDA:35,2,0,10
BRDA:35,3,0,10
BRDA:35,3,1,10
BRF:5
BRH:4
end_of_record
TN:
SF:src\middleware\budget.ts
FN:13,(anonymous_1)
FN:21,(anonymous_2)
FN:33,(anonymous_3)
FN:58,(anonymous_4)
FN:72,(anonymous_5)
FN:80,hasAccess
FNF:6
FNH:6
FNDA:11,(anonymous_1)
FNDA:10,(anonymous_2)
FNDA:13,(anonymous_3)
FNDA:4,(anonymous_4)
FNDA:4,(anonymous_5)
FNDA:7,hasAccess
DA:2,3
DA:3,3
DA:13,3
DA:18,11
DA:21,10
DA:25,11
DA:26,11
DA:27,1
DA:28,1
DA:30,10
DA:33,3
DA:38,13
DA:39,13
DA:41,13
DA:43,12
DA:44,3
DA:45,3
DA:46,3
DA:49,9
DA:51,9
DA:53,1
DA:58,3
DA:64,4
DA:67,4
DA:72,4
DA:75,4
DA:80,3
DA:81,7
DA:82,2
DA:84,2
DA:85,2
DA:87,5
LF:32
LH:32
BRDA:26,0,0,1
BRDA:43,1,0,3
BRDA:81,2,0,2
BRF:3
BRH:3
end_of_record
TN:
SF:src\middleware\expense.ts
FN:13,(anonymous_1)
FN:27,(anonymous_2)
FN:34,(anonymous_3)
FN:41,(anonymous_4)
FN:54,(anonymous_5)
FNF:5
FNH:1
FNDA:0,(anonymous_1)
FNDA:0,(anonymous_2)
FNDA:0,(anonymous_3)
FNDA:0,(anonymous_4)
FNDA:3,(anonymous_5)
DA:2,2
DA:3,2
DA:13,2
DA:18,0
DA:22,0
DA:27,0
DA:31,0
DA:34,2
DA:39,0
DA:41,0
DA:45,0
DA:46,0
DA:47,0
DA:48,0
DA:51,0
DA:54,2
DA:59,3
DA:60,3
DA:62,3
DA:64,2
DA:65,1
DA:66,1
DA:67,1
DA:70,1
DA:72,1
DA:74,1
LF:26
LH:15
BRDA:46,0,0,0
BRDA:64,1,0,1
BRF:2
BRH:1
end_of_record
TN:
SF:src\middleware\validation.ts
FN:4,(anonymous_0)
FNF:1
FNH:1
FNDA:25,(anonymous_0)
DA:2,1
DA:4,1
DA:5,25
DA:6,25
DA:7,9
DA:8,9
DA:10,16
LF:7
LH:7
BRDA:6,0,0,9
BRF:1
BRH:1
end_of_record
TN:
SF:src\models\Expense.ts
FN:21,(anonymous_3)
FN:24,(anonymous_4)
FNF:2
FNH:2
FNDA:2,(anonymous_3)
FNDA:2,(anonymous_4)
DA:1,3
DA:2,3
DA:8,3
DA:13,3
DA:19,3
DA:21,2
DA:22,3
DA:24,2
DA:25,3
DA:28,3
LF:10
LH:10
BRF:0
BRH:0
end_of_record
TN:
SF:src\models\Users.ts
FN:42,(anonymous_3)
FNF:1
FNH:1
FNDA:2,(anonymous_3)
DA:1,3
DA:2,3
DA:8,3
DA:14,3
DA:21,3
DA:28,3
DA:33,3
DA:40,3
DA:42,2
DA:46,3
DA:49,3
LF:11
LH:11
BRF:0
BRH:0
end_of_record
TN:
SF:src\models\budget.ts
FN:22,(anonymous_3)
FN:28,(anonymous_4)
FN:31,(anonymous_5)
FNF:3
FNH:3
FNDA:3,(anonymous_3)
FNDA:2,(anonymous_4)
FNDA:3,(anonymous_5)
DA:1,3
DA:2,3
DA:3,3
DA:9,3
DA:14,3
DA:20,3
DA:22,3
DA:26,3
DA:28,2
DA:29,3
DA:31,3
DA:32,3
DA:35,3
LF:13
LH:13
BRF:0
BRH:0
end_of_record
TN:
SF:src\routes\authRouter.ts
FNF:0
FNH:0
DA:1,1
DA:2,1
DA:3,1
DA:4,1
DA:5,1
DA:6,1
DA:8,1
DA:10,1
DA:12,1
DA:23,1
DA:33,1
DA:41,1
DA:48,1
DA:58,1
DA:70,1
DA:72,1
DA:84,1
DA:93,1
LF:18
LH:18
BRF:0
BRH:0
end_of_record
TN:
SF:src\routes\budgetRouter.ts
FNF:0
FNH:0
DA:1,1
DA:3,1
DA:4,1
DA:5,1
DA:11,1
DA:12,1
DA:17,1
DA:19,1
DA:21,1
DA:23,1
DA:24,1
DA:25,1
DA:27,1
DA:28,1
DA:30,1
DA:32,1
DA:39,1
DA:46,1
DA:55,1
DA:64,1
DA:65,1
DA:71,1
DA:73,1
DA:79,1
DA:81,1
LF:25
LH:25
BRF:0
BRH:0
end_of_record
TN:
SF:src\tests\mocks\budgets.ts
FNF:0
FNH:0
DA:1,3
LF:1
LH:1
BRF:0
BRH:0
end_of_record
TN:
SF:src\tests\mocks\expenses.ts
FNF:0
FNH:0
DA:1,2
LF:1
LH:1
BRF:0
BRH:0
end_of_record
TN:
SF:src\util\auth.ts
FN:3,(anonymous_1)
FN:8,(anonymous_2)
FNF:2
FNH:2
FNDA:1,(anonymous_1)
FNDA:5,(anonymous_2)
DA:1,2
DA:3,2
DA:4,1
DA:5,1
DA:8,2
DA:9,5
LF:6
LH:6
BRF:0
BRH:0
end_of_record
TN:
SF:src\util\jws.ts
FN:3,(anonymous_1)
FNF:1
FNH:1
FNDA:5,(anonymous_1)
DA:1,2
DA:3,2
DA:4,5
DA:8,5
LF:4
LH:4
BRF:0
BRH:0
end_of_record
TN:
SF:src\util\token.ts
FN:1,(anonymous_0)
FNF:1
FNH:1
FNDA:1,(anonymous_0)
DA:1,2
LF:1
LH:1
BRF:0
BRH:0
end_of_record
